<?xml version="1.0" encoding="UTF-8"?>
<!-- Generated by org.testng.reporters.JUnitXMLReporter -->
<testsuite hostname="SIL-LT5-AliN" name="Command line test" tests="1" failures="1" timestamp="12 Aug 2024 06:45:05 GMT" time="27.831" errors="0">
  <testcase name="runCukes" time="27.806" classname="cucumbertest.TestRunner_web">
    <failure type="cucumber.runtime.CucumberException" message="org.openqa.selenium.remote.UnreachableBrowserException: Error communicating with the remote browser. It may have died.
Build info: version: &amp;apos;3.4.0&amp;apos;, revision: &amp;apos;unknown&amp;apos;, time: &amp;apos;unknown&amp;apos;
System info: host: &amp;apos;SIL-LT5-ALIN&amp;apos;, ip: &amp;apos;130.1.19.186&amp;apos;, os.name: &amp;apos;Windows 10&amp;apos;, os.arch: &amp;apos;amd64&amp;apos;, os.version: &amp;apos;10.0&amp;apos;, java.version: &amp;apos;1.8.0_371&amp;apos;
Driver info: driver.version: RemoteWebDriver
Capabilities [{networkConnectionEnabled=false, chrome={chromedriverVersion=127.0.6533.99 (f31af5097d90ef5ae5bd7b8700199bc6189ba34d-refs/branch-heads/6533@{#1910}), userDataDir=C:\Users\ALI~1.NAU\AppData\Local\Temp\scoped_dir11672_975179490}, timeouts={implicit=0.0, pageLoad=300000.0, script=30000.0}, pageLoadStrategy=normal, unhandledPromptBehavior=dismiss and notify, strictFileInteractability=false, platform=ANY, proxy=Proxy(), webauthn:extension:minPinLength=true, goog:chromeOptions={debuggerAddress=localhost:53622}, webauthn:extension:credBlob=true, webauthn:extension:prf=true, acceptInsecureCerts=false, browserVersion=127.0.6533.100, fedcm:accounts=true, browserName=chrome, javascriptEnabled=true, platformName=windows, setWindowRect=true, webauthn:extension:largeBlob=true, webauthn:virtualAuthenticators=true}]
Session ID: 2897502b577d3c56396215960fdda16f">
      <![CDATA[cucumber.runtime.CucumberException: org.openqa.selenium.remote.UnreachableBrowserException: Error communicating with the remote browser. It may have died.
Build info: version: '3.4.0', revision: 'unknown', time: 'unknown'
System info: host: 'SIL-LT5-ALIN', ip: '130.1.19.186', os.name: 'Windows 10', os.arch: 'amd64', os.version: '10.0', java.version: '1.8.0_371'
Driver info: driver.version: RemoteWebDriver
Capabilities [{networkConnectionEnabled=false, chrome={chromedriverVersion=127.0.6533.99 (f31af5097d90ef5ae5bd7b8700199bc6189ba34d-refs/branch-heads/6533@{#1910}), userDataDir=C:\Users\ALI~1.NAU\AppData\Local\Temp\scoped_dir11672_975179490}, timeouts={implicit=0.0, pageLoad=300000.0, script=30000.0}, pageLoadStrategy=normal, unhandledPromptBehavior=dismiss and notify, strictFileInteractability=false, platform=ANY, proxy=Proxy(), webauthn:extension:minPinLength=true, goog:chromeOptions={debuggerAddress=localhost:53622}, webauthn:extension:credBlob=true, webauthn:extension:prf=true, acceptInsecureCerts=false, browserVersion=127.0.6533.100, fedcm:accounts=true, browserName=chrome, javascriptEnabled=true, platformName=windows, setWindowRect=true, webauthn:extension:largeBlob=true, webauthn:virtualAuthenticators=true}]
Session ID: 2897502b577d3c56396215960fdda16f
	at cucumber.api.testng.TestNGCucumberRunner.runCukes(TestNGCucumberRunner.java:57)
	at cucumbertest.TestRunner_web.runCukes(TestRunner_web.java:25)
Caused by: org.openqa.selenium.remote.UnreachableBrowserException: Error communicating with the remote browser. It may have died.
Build info: version: '3.4.0', revision: 'unknown', time: 'unknown'
System info: host: 'SIL-LT5-ALIN', ip: '130.1.19.186', os.name: 'Windows 10', os.arch: 'amd64', os.version: '10.0', java.version: '1.8.0_371'
Driver info: driver.version: RemoteWebDriver
Capabilities [{networkConnectionEnabled=false, chrome={chromedriverVersion=127.0.6533.99 (f31af5097d90ef5ae5bd7b8700199bc6189ba34d-refs/branch-heads/6533@{#1910}), userDataDir=C:\Users\ALI~1.NAU\AppData\Local\Temp\scoped_dir11672_975179490}, timeouts={implicit=0.0, pageLoad=300000.0, script=30000.0}, pageLoadStrategy=normal, unhandledPromptBehavior=dismiss and notify, strictFileInteractability=false, platform=ANY, proxy=Proxy(), webauthn:extension:minPinLength=true, goog:chromeOptions={debuggerAddress=localhost:53622}, webauthn:extension:credBlob=true, webauthn:extension:prf=true, acceptInsecureCerts=false, browserVersion=127.0.6533.100, fedcm:accounts=true, browserName=chrome, javascriptEnabled=true, platformName=windows, setWindowRect=true, webauthn:extension:largeBlob=true, webauthn:virtualAuthenticators=true}]
Session ID: 2897502b577d3c56396215960fdda16f
	at org.openqa.selenium.remote.RemoteWebDriver.execute(RemoteWebDriver.java:658)
	at org.openqa.selenium.remote.RemoteWebDriver.execute(RemoteWebDriver.java:694)
	at org.openqa.selenium.remote.RemoteWebDriver.quit(RemoteWebDriver.java:533)
	at stepdefinition.Steps.setup(Steps.java:79)
	at cucumber.runtime.Utils$1.call(Utils.java:40)
	at cucumber.runtime.Timeout.timeout(Timeout.java:16)
	at cucumber.runtime.Utils.invoke(Utils.java:34)
	at cucumber.runtime.java.JavaHookDefinition.execute(JavaHookDefinition.java:60)
	at cucumber.runtime.Runtime.runHookIfTagsMatch(Runtime.java:224)
	at cucumber.runtime.Runtime.runHooks(Runtime.java:212)
	at cucumber.runtime.Runtime.runAfterHooks(Runtime.java:206)
	at cucumber.runtime.model.CucumberScenario.run(CucumberScenario.java:46)
	at cucumber.runtime.model.CucumberScenarioOutline.run(CucumberScenarioOutline.java:46)
	at cucumber.runtime.model.CucumberFeature.run(CucumberFeature.java:165)
	at cucumber.api.testng.TestNGCucumberRunner.runCukes(TestNGCucumberRunner.java:50)
	... 34 more
Caused by: java.lang.RuntimeException: Process refused to die after 10 seconds, and couldn't taskkill it: Timeout waiting for process to die
	at org.openqa.selenium.os.ProcessUtils.killWinProcess(ProcessUtils.java:133)
	at org.openqa.selenium.os.ProcessUtils.killProcess(ProcessUtils.java:81)
	at org.openqa.selenium.os.UnixProcess$SeleniumWatchDog.destroyHarder(UnixProcess.java:246)
	at org.openqa.selenium.os.UnixProcess$SeleniumWatchDog.access$200(UnixProcess.java:200)
	at org.openqa.selenium.os.UnixProcess.destroy(UnixProcess.java:126)
	at org.openqa.selenium.os.CommandLine.destroy(CommandLine.java:153)
	at org.openqa.selenium.remote.service.DriverService.stop(DriverService.java:221)
	at org.openqa.selenium.remote.service.DriverCommandExecutor.execute(DriverCommandExecutor.java:94)
	at org.openqa.selenium.remote.RemoteWebDriver.execute(RemoteWebDriver.java:637)
	... 52 more
Caused by: org.openqa.selenium.os.ProcessUtils$ProcessStillAliveException: Timeout waiting for process to die
	at org.openqa.selenium.os.ProcessUtils.waitForProcessDeath(ProcessUtils.java:67)
	at org.openqa.selenium.os.ProcessUtils.killWinProcess(ProcessUtils.java:129)
	... 60 more
Caused by: java.lang.InterruptedException
	at java.lang.ProcessImpl.waitFor(ProcessImpl.java:523)
	at org.openqa.selenium.os.ProcessUtils$ProcessWaiter.run(ProcessUtils.java:154)
	at java.lang.Thread.run(Thread.java:750)
... Removed 37 stack frames]]>
    </failure>
  </testcase> <!-- runCukes -->
</testsuite> <!-- Command line test -->
