<?xml version="1.0" encoding="UTF-8"?>
<testng-results skipped="0" failed="1" total="1" passed="0">
  <reporter-output>
  </reporter-output>
  <suite name="cucumbertest.TestRunner_web" duration-ms="27831" started-at="2024-08-12T06:44:37Z" finished-at="2024-08-12T06:45:05Z">
    <groups>
      <group name="Web">
        <method signature="TestRunner_web.runCukes()[pri:0, instance:cucumbertest.TestRunner_web@42dafa95]" name="runCukes" class="cucumbertest.TestRunner_web"/>
      </group> <!-- Web -->
    </groups>
    <test name="Command line test" duration-ms="27831" started-at="2024-08-12T06:44:37Z" finished-at="2024-08-12T06:45:05Z">
      <class name="cucumbertest.TestRunner_web">
        <test-method status="FAIL" signature="runCukes()[pri:0, instance:cucumbertest.TestRunner_web@42dafa95]" name="runCukes" duration-ms="27806" started-at="2024-08-12T10:44:37Z" description="Example of using TestNGCucumberRunner to invoke Cucumber" finished-at="2024-08-12T10:45:05Z">
          <exception class="cucumber.runtime.CucumberException">
            <message>
              <![CDATA[org.openqa.selenium.remote.UnreachableBrowserException: Error communicating with the remote browser. It may have died.
Build info: version: '3.4.0', revision: 'unknown', time: 'unknown'
System info: host: 'SIL-LT5-ALIN', ip: '130.1.19.186', os.name: 'Windows 10', os.arch: 'amd64', os.version: '10.0', java.version: '1.8.0_371'
Driver info: driver.version: RemoteWebDriver
Capabilities [{networkConnectionEnabled=false, chrome={chromedriverVersion=127.0.6533.99 (f31af5097d90ef5ae5bd7b8700199bc6189ba34d-refs/branch-heads/6533@{#1910}), userDataDir=C:\Users\ALI~1.NAU\AppData\Local\Temp\scoped_dir11672_975179490}, timeouts={implicit=0.0, pageLoad=300000.0, script=30000.0}, pageLoadStrategy=normal, unhandledPromptBehavior=dismiss and notify, strictFileInteractability=false, platform=ANY, proxy=Proxy(), webauthn:extension:minPinLength=true, goog:chromeOptions={debuggerAddress=localhost:53622}, webauthn:extension:credBlob=true, webauthn:extension:prf=true, acceptInsecureCerts=false, browserVersion=127.0.6533.100, fedcm:accounts=true, browserName=chrome, javascriptEnabled=true, platformName=windows, setWindowRect=true, webauthn:extension:largeBlob=true, webauthn:virtualAuthenticators=true}]
Session ID: 2897502b577d3c56396215960fdda16f]]>
            </message>
            <full-stacktrace>
              <![CDATA[cucumber.runtime.CucumberException: org.openqa.selenium.remote.UnreachableBrowserException: Error communicating with the remote browser. It may have died.
Build info: version: '3.4.0', revision: 'unknown', time: 'unknown'
System info: host: 'SIL-LT5-ALIN', ip: '130.1.19.186', os.name: 'Windows 10', os.arch: 'amd64', os.version: '10.0', java.version: '1.8.0_371'
Driver info: driver.version: RemoteWebDriver
Capabilities [{networkConnectionEnabled=false, chrome={chromedriverVersion=127.0.6533.99 (f31af5097d90ef5ae5bd7b8700199bc6189ba34d-refs/branch-heads/6533@{#1910}), userDataDir=C:\Users\ALI~1.NAU\AppData\Local\Temp\scoped_dir11672_975179490}, timeouts={implicit=0.0, pageLoad=300000.0, script=30000.0}, pageLoadStrategy=normal, unhandledPromptBehavior=dismiss and notify, strictFileInteractability=false, platform=ANY, proxy=Proxy(), webauthn:extension:minPinLength=true, goog:chromeOptions={debuggerAddress=localhost:53622}, webauthn:extension:credBlob=true, webauthn:extension:prf=true, acceptInsecureCerts=false, browserVersion=127.0.6533.100, fedcm:accounts=true, browserName=chrome, javascriptEnabled=true, platformName=windows, setWindowRect=true, webauthn:extension:largeBlob=true, webauthn:virtualAuthenticators=true}]
Session ID: 2897502b577d3c56396215960fdda16f
	at cucumber.api.testng.TestNGCucumberRunner.runCukes(TestNGCucumberRunner.java:57)
	at cucumbertest.TestRunner_web.runCukes(TestRunner_web.java:25)
	at sun.reflect.NativeMethodAccessorImpl.invoke0(Native Method)
	at sun.reflect.NativeMethodAccessorImpl.invoke(NativeMethodAccessorImpl.java:62)
	at sun.reflect.DelegatingMethodAccessorImpl.invoke(DelegatingMethodAccessorImpl.java:43)
	at java.lang.reflect.Method.invoke(Method.java:498)
	at org.testng.internal.MethodInvocationHelper.invokeMethod(MethodInvocationHelper.java:86)
	at org.testng.internal.Invoker.invokeMethod(Invoker.java:643)
	at org.testng.internal.Invoker.invokeTestMethod(Invoker.java:820)
	at org.testng.internal.Invoker.invokeTestMethods(Invoker.java:1128)
	at org.testng.internal.TestMethodWorker.invokeTestMethods(TestMethodWorker.java:129)
	at org.testng.internal.TestMethodWorker.run(TestMethodWorker.java:112)
	at org.testng.TestRunner.privateRun(TestRunner.java:782)
	at org.testng.TestRunner.run(TestRunner.java:632)
	at org.testng.SuiteRunner.runTest(SuiteRunner.java:366)
	at org.testng.SuiteRunner.runSequentially(SuiteRunner.java:361)
	at org.testng.SuiteRunner.privateRun(SuiteRunner.java:319)
	at org.testng.SuiteRunner.run(SuiteRunner.java:268)
	at org.testng.SuiteRunnerWorker.runSuite(SuiteRunnerWorker.java:52)
	at org.testng.SuiteRunnerWorker.run(SuiteRunnerWorker.java:86)
	at org.testng.TestNG.runSuitesSequentially(TestNG.java:1244)
	at org.testng.TestNG.runSuitesLocally(TestNG.java:1169)
	at org.testng.TestNG.run(TestNG.java:1064)
	at org.apache.maven.surefire.testng.TestNGExecutor.run(TestNGExecutor.java:77)
	at org.apache.maven.surefire.testng.TestNGDirectoryTestSuite.execute(TestNGDirectoryTestSuite.java:110)
	at org.apache.maven.surefire.testng.TestNGProvider.invoke(TestNGProvider.java:106)
	at sun.reflect.NativeMethodAccessorImpl.invoke0(Native Method)
	at sun.reflect.NativeMethodAccessorImpl.invoke(NativeMethodAccessorImpl.java:62)
	at sun.reflect.DelegatingMethodAccessorImpl.invoke(DelegatingMethodAccessorImpl.java:43)
	at java.lang.reflect.Method.invoke(Method.java:498)
	at org.apache.maven.surefire.util.ReflectionUtils.invokeMethodWithArray(ReflectionUtils.java:189)
	at org.apache.maven.surefire.booter.ProviderFactory$ProviderProxy.invoke(ProviderFactory.java:165)
	at org.apache.maven.surefire.booter.ProviderFactory.invokeProvider(ProviderFactory.java:85)
	at org.apache.maven.surefire.booter.ForkedBooter.runSuitesInProcess(ForkedBooter.java:115)
	at org.apache.maven.surefire.booter.ForkedBooter.main(ForkedBooter.java:75)
Caused by: org.openqa.selenium.remote.UnreachableBrowserException: Error communicating with the remote browser. It may have died.
Build info: version: '3.4.0', revision: 'unknown', time: 'unknown'
System info: host: 'SIL-LT5-ALIN', ip: '130.1.19.186', os.name: 'Windows 10', os.arch: 'amd64', os.version: '10.0', java.version: '1.8.0_371'
Driver info: driver.version: RemoteWebDriver
Capabilities [{networkConnectionEnabled=false, chrome={chromedriverVersion=127.0.6533.99 (f31af5097d90ef5ae5bd7b8700199bc6189ba34d-refs/branch-heads/6533@{#1910}), userDataDir=C:\Users\ALI~1.NAU\AppData\Local\Temp\scoped_dir11672_975179490}, timeouts={implicit=0.0, pageLoad=300000.0, script=30000.0}, pageLoadStrategy=normal, unhandledPromptBehavior=dismiss and notify, strictFileInteractability=false, platform=ANY, proxy=Proxy(), webauthn:extension:minPinLength=true, goog:chromeOptions={debuggerAddress=localhost:53622}, webauthn:extension:credBlob=true, webauthn:extension:prf=true, acceptInsecureCerts=false, browserVersion=127.0.6533.100, fedcm:accounts=true, browserName=chrome, javascriptEnabled=true, platformName=windows, setWindowRect=true, webauthn:extension:largeBlob=true, webauthn:virtualAuthenticators=true}]
Session ID: 2897502b577d3c56396215960fdda16f
	at org.openqa.selenium.remote.RemoteWebDriver.execute(RemoteWebDriver.java:658)
	at org.openqa.selenium.remote.RemoteWebDriver.execute(RemoteWebDriver.java:694)
	at org.openqa.selenium.remote.RemoteWebDriver.quit(RemoteWebDriver.java:533)
	at stepdefinition.Steps.setup(Steps.java:79)
	at sun.reflect.NativeMethodAccessorImpl.invoke0(Native Method)
	at sun.reflect.NativeMethodAccessorImpl.invoke(NativeMethodAccessorImpl.java:62)
	at sun.reflect.DelegatingMethodAccessorImpl.invoke(DelegatingMethodAccessorImpl.java:43)
	at java.lang.reflect.Method.invoke(Method.java:498)
	at cucumber.runtime.Utils$1.call(Utils.java:40)
	at cucumber.runtime.Timeout.timeout(Timeout.java:16)
	at cucumber.runtime.Utils.invoke(Utils.java:34)
	at cucumber.runtime.java.JavaHookDefinition.execute(JavaHookDefinition.java:60)
	at cucumber.runtime.Runtime.runHookIfTagsMatch(Runtime.java:224)
	at cucumber.runtime.Runtime.runHooks(Runtime.java:212)
	at cucumber.runtime.Runtime.runAfterHooks(Runtime.java:206)
	at cucumber.runtime.model.CucumberScenario.run(CucumberScenario.java:46)
	at cucumber.runtime.model.CucumberScenarioOutline.run(CucumberScenarioOutline.java:46)
	at cucumber.runtime.model.CucumberFeature.run(CucumberFeature.java:165)
	at cucumber.api.testng.TestNGCucumberRunner.runCukes(TestNGCucumberRunner.java:50)
	... 34 more
Caused by: java.lang.RuntimeException: Process refused to die after 10 seconds, and couldn't taskkill it: Timeout waiting for process to die
	at org.openqa.selenium.os.ProcessUtils.killWinProcess(ProcessUtils.java:133)
	at org.openqa.selenium.os.ProcessUtils.killProcess(ProcessUtils.java:81)
	at org.openqa.selenium.os.UnixProcess$SeleniumWatchDog.destroyHarder(UnixProcess.java:246)
	at org.openqa.selenium.os.UnixProcess$SeleniumWatchDog.access$200(UnixProcess.java:200)
	at org.openqa.selenium.os.UnixProcess.destroy(UnixProcess.java:126)
	at org.openqa.selenium.os.CommandLine.destroy(CommandLine.java:153)
	at org.openqa.selenium.remote.service.DriverService.stop(DriverService.java:221)
	at org.openqa.selenium.remote.service.DriverCommandExecutor.execute(DriverCommandExecutor.java:94)
	at org.openqa.selenium.remote.RemoteWebDriver.execute(RemoteWebDriver.java:637)
	... 52 more
Caused by: org.openqa.selenium.os.ProcessUtils$ProcessStillAliveException: Timeout waiting for process to die
	at org.openqa.selenium.os.ProcessUtils.waitForProcessDeath(ProcessUtils.java:67)
	at org.openqa.selenium.os.ProcessUtils.killWinProcess(ProcessUtils.java:129)
	... 60 more
Caused by: java.lang.InterruptedException
	at java.lang.ProcessImpl.waitFor(ProcessImpl.java:523)
	at org.openqa.selenium.os.ProcessUtils$ProcessWaiter.run(ProcessUtils.java:154)
	at java.lang.Thread.run(Thread.java:750)
]]>
            </full-stacktrace>
          </exception> <!-- cucumber.runtime.CucumberException -->
          <reporter-output>
          </reporter-output>
        </test-method> <!-- runCukes -->
      </class> <!-- cucumbertest.TestRunner_web -->
    </test> <!-- Command line test -->
  </suite> <!-- cucumbertest.TestRunner_web -->
</testng-results>
