<?xml version="1.0" encoding="UTF-8" ?>
<testsuite tests="1" failures="1" name="cucumbertest.TestRunner_web" time="1,026.757" errors="0" skipped="0">
  <properties>
[...]
</properties>
  <testcase classname="cucumbertest.TestRunner_web" name="runCukes" time="1,026.757">
    <failure message="org.openqa.selenium.TimeoutException: Expected condition failed: waiting for presence of element located by: By.xpath: (//span[@class=&apos;ui-button-icon-left ui-icon ui-c pi pi-download&apos;])[1] (tried for 1000 second(s) with 500 MILLISECONDS interval)" type="cucumber.runtime.CucumberException">cucumber.runtime.CucumberException: org.openqa.selenium.TimeoutException: Expected condition failed: waiting for presence of element located by: By.xpath: (//span[@class=&apos;ui-button-icon-left ui-icon ui-c pi pi-download&apos;])[1] (tried for 1000 second(s) with 500 MILLISECONDS interval)
	at cucumber.api.testng.TestNGCucumberRunner.runCukes(TestNGCucumberRunner.java:57)
	at cucumbertest.TestRunner_web.runCukes(TestRunner_web.java:25)
Caused by: org.openqa.selenium.TimeoutException: Expected condition failed: waiting for presence of element located by: By.xpath: (//span[@class=&apos;ui-button-icon-left ui-icon ui-c pi pi-download&apos;])[1] (tried for 1000 second(s) with 500 MILLISECONDS interval)
	at org.openqa.selenium.support.ui.WebDriverWait.timeoutException(WebDriverWait.java:80)
	at org.openqa.selenium.support.ui.FluentWait.until(FluentWait.java:232)
	at stepdefinition.Steps.iUploadBusinessRegistrationCard(Steps.java:708)
	at ✽.And I Upload Business Registration Card &quot;src\test\resources\Upload_Test1.pdf&quot;(features/US12203.feature:34)
Caused by: org.openqa.selenium.NoSuchElementException: Cannot locate an element using By.xpath: (//span[@class=&apos;ui-button-icon-left ui-icon ui-c pi pi-download&apos;])[1]
For documentation on this error, please visit: http://seleniumhq.org/exceptions/no_such_element.html
Build info: version: &apos;3.4.0&apos;, revision: &apos;unknown&apos;, time: &apos;unknown&apos;
System info: host: &apos;SIL-LTDELLI7-G6&apos;, ip: &apos;192.168.100.33&apos;, os.name: &apos;Windows 11&apos;, os.arch: &apos;amd64&apos;, os.version: &apos;10.0&apos;, java.version: &apos;1.8.0_371&apos;
Driver info: driver.version: unknown
	at org.openqa.selenium.support.ui.ExpectedConditions.lambda$findElement$0(ExpectedConditions.java:883)
	at java.util.Optional.orElseThrow(Optional.java:290)
	at org.openqa.selenium.support.ui.ExpectedConditions.findElement(ExpectedConditions.java:882)
	at org.openqa.selenium.support.ui.ExpectedConditions.access$000(ExpectedConditions.java:44)
	at org.openqa.selenium.support.ui.ExpectedConditions$6.apply(ExpectedConditions.java:183)
	at org.openqa.selenium.support.ui.ExpectedConditions$6.apply(ExpectedConditions.java:180)
	at org.openqa.selenium.support.ui.FluentWait.until(FluentWait.java:209)
	at stepdefinition.Steps.iUploadBusinessRegistrationCard(Steps.java:708)
	at sun.reflect.NativeMethodAccessorImpl.invoke0(Native Method)
	at sun.reflect.NativeMethodAccessorImpl.invoke(NativeMethodAccessorImpl.java:62)
	at sun.reflect.DelegatingMethodAccessorImpl.invoke(DelegatingMethodAccessorImpl.java:43)
	at java.lang.reflect.Method.invoke(Method.java:498)
	at cucumber.runtime.Utils$1.call(Utils.java:40)
	at cucumber.runtime.Timeout.timeout(Timeout.java:16)
	at cucumber.runtime.Utils.invoke(Utils.java:34)
	at cucumber.runtime.java.JavaStepDefinition.execute(JavaStepDefinition.java:38)
	at cucumber.runtime.StepDefinitionMatch.runStep(StepDefinitionMatch.java:37)
	at cucumber.runtime.Runtime.runStep(Runtime.java:300)
	at cucumber.runtime.model.StepContainer.runStep(StepContainer.java:44)
	at cucumber.runtime.model.StepContainer.runSteps(StepContainer.java:39)
	at cucumber.runtime.model.CucumberScenario.run(CucumberScenario.java:44)
	at cucumber.runtime.model.CucumberScenarioOutline.run(CucumberScenarioOutline.java:46)
	at cucumber.runtime.model.CucumberFeature.run(CucumberFeature.java:165)
	at cucumber.api.testng.TestNGCucumberRunner.runCukes(TestNGCucumberRunner.java:50)
	at cucumbertest.TestRunner_web.runCukes(TestRunner_web.java:25)
	at sun.reflect.NativeMethodAccessorImpl.invoke0(Native Method)
	at sun.reflect.NativeMethodAccessorImpl.invoke(NativeMethodAccessorImpl.java:62)
	at sun.reflect.DelegatingMethodAccessorImpl.invoke(DelegatingMethodAccessorImpl.java:43)
	at java.lang.reflect.Method.invoke(Method.java:498)
	at org.testng.internal.MethodInvocationHelper.invokeMethod(MethodInvocationHelper.java:86)
	at org.testng.internal.Invoker.invokeMethod(Invoker.java:643)
	at org.testng.internal.Invoker.invokeTestMethod(Invoker.java:820)
	at org.testng.internal.Invoker.invokeTestMethods(Invoker.java:1128)
	at org.testng.internal.TestMethodWorker.invokeTestMethods(TestMethodWorker.java:129)
	at org.testng.internal.TestMethodWorker.run(TestMethodWorker.java:112)
	at org.testng.TestRunner.privateRun(TestRunner.java:782)
	at org.testng.TestRunner.run(TestRunner.java:632)
	at org.testng.SuiteRunner.runTest(SuiteRunner.java:366)
	at org.testng.SuiteRunner.runSequentially(SuiteRunner.java:361)
	at org.testng.SuiteRunner.privateRun(SuiteRunner.java:319)
	at org.testng.SuiteRunner.run(SuiteRunner.java:268)
	at org.testng.SuiteRunnerWorker.runSuite(SuiteRunnerWorker.java:52)
	at org.testng.SuiteRunnerWorker.run(SuiteRunnerWorker.java:86)
	at org.testng.TestNG.runSuitesSequentially(TestNG.java:1244)
	at org.testng.TestNG.runSuitesLocally(TestNG.java:1169)
	at org.testng.TestNG.run(TestNG.java:1064)
	at org.apache.maven.surefire.testng.TestNGExecutor.run(TestNGExecutor.java:77)
	at org.apache.maven.surefire.testng.TestNGDirectoryTestSuite.execute(TestNGDirectoryTestSuite.java:110)
	at org.apache.maven.surefire.testng.TestNGProvider.invoke(TestNGProvider.java:106)
	at sun.reflect.NativeMethodAccessorImpl.invoke0(Native Method)
	at sun.reflect.NativeMethodAccessorImpl.invoke(NativeMethodAccessorImpl.java:62)
	at sun.reflect.DelegatingMethodAccessorImpl.invoke(DelegatingMethodAccessorImpl.java:43)
	at java.lang.reflect.Method.invoke(Method.java:498)
	at org.apache.maven.surefire.util.ReflectionUtils.invokeMethodWithArray(ReflectionUtils.java:189)
	at org.apache.maven.surefire.booter.ProviderFactory$ProviderProxy.invoke(ProviderFactory.java:165)
	at org.apache.maven.surefire.booter.ProviderFactory.invokeProvider(ProviderFactory.java:85)
	at org.apache.maven.surefire.booter.ForkedBooter.runSuitesInProcess(ForkedBooter.java:115)
	at org.apache.maven.surefire.booter.ForkedBooter.main(ForkedBooter.java:75)
</failure>
    <system-out>Configuring TestNG with: org.apache.maven.surefire.testng.conf.TestNG652Configurator@2cfb4a64
#User Story 12203 - Register as Agro-Processing Enterprise-Application form
@Main_feature @US12203
Feature: Register as Agro-Processing Enterprise-Application form

  #Scenario1
  @Register_as_Agro-Processing_Enterprise-Application_form
  Scenario Outline: Register as Agro-Processing Enterprise-Application form                          &amp;#27;[90m# features/US12203.feature:8&amp;#27;[0m
    &amp;#27;[36mGiven &amp;#27;[0m&amp;#27;[36mI am on SFWF Front Office Home Page &quot;&lt;Browser&gt;&quot;&amp;#27;[0m
    &amp;#27;[36mWhen &amp;#27;[0m&amp;#27;[36mI Input Registered User&apos;s Username &quot;&lt;Username&gt;&quot; and Password &quot;&lt;Password&gt;&quot;&amp;#27;[0m
    &amp;#27;[36mAnd &amp;#27;[0m&amp;#27;[36mI Click on Sign In button&amp;#27;[0m
    &amp;#27;[36mAnd &amp;#27;[0m&amp;#27;[36mI Verify Applicant&apos;s Successful Login&amp;#27;[0m
    &amp;#27;[36mAnd &amp;#27;[0m&amp;#27;[36mI Click on Register as Farmer&amp;#27;[0m
    &amp;#27;[36mAnd &amp;#27;[0m&amp;#27;[36mI Verify that User is directed to My Application Page&amp;#27;[0m
    &amp;#27;[36mAnd &amp;#27;[0m&amp;#27;[36mI Verify display of Farmers Card link&amp;#27;[0m
    &amp;#27;[36mAnd &amp;#27;[0m&amp;#27;[36mI Verify Programmes link&amp;#27;[0m
    &amp;#27;[36mAnd &amp;#27;[0m&amp;#27;[36mI Click on New Button to apply for Registration&amp;#27;[0m
    &amp;#27;[36mAnd &amp;#27;[0m&amp;#27;[36mI Verify display of Registration Type Page&amp;#27;[0m
    &amp;#27;[36mAnd &amp;#27;[0m&amp;#27;[36mI Click on Agro Processing Enterprise&amp;#27;[0m
    &amp;#27;[36mAnd &amp;#27;[0m&amp;#27;[36mI Verify display of REGISTRATION FOR AGRO-PROCESSING ENTERPRISE Page&amp;#27;[0m
    &amp;#27;[36mAnd &amp;#27;[0m&amp;#27;[36mI Input Associate/Society/Company Name &quot;&lt;Co_Name&gt;&quot;&amp;#27;[0m
    &amp;#27;[36mAnd &amp;#27;[0m&amp;#27;[36mI Input Represented by &quot;&lt;Rep_by&gt;&quot;&amp;#27;[0m
    &amp;#27;[36mAnd &amp;#27;[0m&amp;#27;[36mI Input Business Registration No(BRN) for Agro-Processing Enterprise &quot;&lt;BRN&gt;&quot;&amp;#27;[0m
    &amp;#27;[36mAnd &amp;#27;[0m&amp;#27;[36mI Input Certificate of Incorporation No for Agro-Processing Enterprise &quot;&lt;Cert_No&gt;&quot;&amp;#27;[0m
    &amp;#27;[36mAnd &amp;#27;[0m&amp;#27;[36mI Select Activity &quot;&lt;Act&gt;&quot;&amp;#27;[0m
    &amp;#27;[36mAnd &amp;#27;[0m&amp;#27;[36mI Input Office Address &quot;&lt;Off_Add&gt;&quot;&amp;#27;[0m
    &amp;#27;[36mAnd &amp;#27;[0m&amp;#27;[36mI Input Enterprise Address &quot;&lt;Enterprise_Address&gt;&quot;&amp;#27;[0m
    &amp;#27;[36mAnd &amp;#27;[0m&amp;#27;[36mI Select Duration Year for Registration membership &quot;&lt;Year_dur&gt;&quot;&amp;#27;[0m
    &amp;#27;[36mAnd &amp;#27;[0m&amp;#27;[36mI Input List of Products manufactured &quot;&lt;Prod_man&gt;&quot;&amp;#27;[0m
    &amp;#27;[36mAnd &amp;#27;[0m&amp;#27;[36mI Select Status of Applicant &quot;&lt;Status_Applicant&gt;&quot;&amp;#27;[0m
    &amp;#27;[36mAnd &amp;#27;[0m&amp;#27;[36mI Click on Save and Continue&amp;#27;[0m
    &amp;#27;[36mAnd &amp;#27;[0m&amp;#27;[36mI Verify Upload Required Documents Page is displayed&amp;#27;[0m
    &amp;#27;[36mAnd &amp;#27;[0m&amp;#27;[36mI Upload Business Registration Card &quot;&lt;Upload_test&gt;&quot;&amp;#27;[0m
    &amp;#27;[36mAnd &amp;#27;[0m&amp;#27;[36mI Upload Certificate of Incorporation &quot;&lt;Upload_test&gt;&quot;&amp;#27;[0m
    &amp;#27;[36mAnd &amp;#27;[0m&amp;#27;[36mI Upload List of Directors/ Associates &quot;&lt;Upload_test&gt;&quot;&amp;#27;[0m
    &amp;#27;[36mAnd &amp;#27;[0m&amp;#27;[36mI Upload Board Resolution of Enterprise for appointment of representative(s) &quot;&lt;Upload_test&gt;&quot;&amp;#27;[0m
    &amp;#27;[36mAnd &amp;#27;[0m&amp;#27;[36mI Upload National Identity card of representative &quot;&lt;Upload_test&gt;&quot;&amp;#27;[0m
    &amp;#27;[36mAnd &amp;#27;[0m&amp;#27;[36mI Upload National Identity cards of all shareholders &quot;&lt;Upload_test&gt;&quot;&amp;#27;[0m
    &amp;#27;[36mAnd &amp;#27;[0m&amp;#27;[36mI Upload Location Plan &quot;&lt;Upload_test&gt;&quot;&amp;#27;[0m
    &amp;#27;[36mAnd &amp;#27;[0m&amp;#27;[36mI Upload Copy of SMEDA Certificate &quot;&lt;Upload_test&gt;&quot;&amp;#27;[0m
    &amp;#27;[36mAnd &amp;#27;[0m&amp;#27;[36mI Upload Copy of Utility Bill &quot;&lt;Upload_test&gt;&quot;&amp;#27;[0m
    &amp;#27;[36mAnd &amp;#27;[0m&amp;#27;[36mI Verify for Document Upload Success Message&amp;#27;[0m
    &amp;#27;[36mAnd &amp;#27;[0m&amp;#27;[36mI Click on Add Additional Document&amp;#27;[0m
    &amp;#27;[36mAnd &amp;#27;[0m&amp;#27;[36mI Input Additional Document Name &quot;&lt;Additional_Doc_Name&gt;&quot;&amp;#27;[0m
    &amp;#27;[36mAnd &amp;#27;[0m&amp;#27;[36mI Verify Success message for adding Additional Document Name&amp;#27;[0m
    &amp;#27;[36mAnd &amp;#27;[0m&amp;#27;[36mI Upload Additional Document &quot;&lt;Upload_test&gt;&quot;&amp;#27;[0m
    &amp;#27;[36mAnd &amp;#27;[0m&amp;#27;[36mI Verify for Document Upload Success Message&amp;#27;[0m
    &amp;#27;[36mAnd &amp;#27;[0m&amp;#27;[36mI Click on Save and Continue&amp;#27;[0m
    &amp;#27;[36mAnd &amp;#27;[0m&amp;#27;[36mI Verify Terms and Conditions Page&amp;#27;[0m
    &amp;#27;[36mAnd &amp;#27;[0m&amp;#27;[36mI click on I agree to the Terms and Conditions&amp;#27;[0m
    &amp;#27;[36mAnd &amp;#27;[0m&amp;#27;[36mI Select Bank &quot;&lt;Bank_Name&gt;&quot;&amp;#27;[0m
    &amp;#27;[36mAnd &amp;#27;[0m&amp;#27;[36mI Input Bank Branch &quot;&lt;Bank_Branch&gt;&quot;&amp;#27;[0m
    &amp;#27;[36mAnd &amp;#27;[0m&amp;#27;[36mI Input Personal Bank Account Number&quot;&lt;Bank_Account_No&gt;&quot;&amp;#27;[0m
    &amp;#27;[36mAnd &amp;#27;[0m&amp;#27;[36mI Click on Submit Application &quot;&lt;Confirmation&gt;&quot;&amp;#27;[0m
    &amp;#27;[36mAnd &amp;#27;[0m&amp;#27;[36mI Verify Success message for application submitted&amp;#27;[0m

    Examples: 
Unable to take screenshot
java.lang.NullPointerException

  @Main_feature @Register_as_Agro-Processing_Enterprise-Application_form @US12203
  Scenario Outline: Register as Agro-Processing Enterprise-Application form                                                &amp;#27;[90m# features/US12203.feature:63&amp;#27;[0m
    &amp;#27;[32mGiven &amp;#27;[0m&amp;#27;[32mI am on SFWF Front Office Home Page &quot;&amp;#27;[0m&amp;#27;[32m&amp;#27;[1mChrome&amp;#27;[0m&amp;#27;[32m&quot;&amp;#27;[0m                                                                     &amp;#27;[90m# Steps.iAmOnSFWFFrontOfficeHomePage(String)&amp;#27;[0m
    &amp;#27;[32mWhen &amp;#27;[0m&amp;#27;[32mI Input Registered User&apos;s Username &quot;&amp;#27;[0m&amp;#27;[32m&amp;#27;[1mSuraj&amp;#27;[0m&amp;#27;[32m&quot; and Password &quot;&amp;#27;[0m&amp;#27;[32m&amp;#27;[1mAdmin@123&amp;#27;[0m&amp;#27;[32m&quot;&amp;#27;[0m                                               &amp;#27;[90m# Steps.iInputRegisteredUserSUsernameAndPassword(String,String)&amp;#27;[0m
    &amp;#27;[32mAnd &amp;#27;[0m&amp;#27;[32mI Click on Sign In button&amp;#27;[0m                                                                                          &amp;#27;[90m# Steps.iClickOnSignInButton()&amp;#27;[0m
    &amp;#27;[32mAnd &amp;#27;[0m&amp;#27;[32mI Verify Applicant&apos;s Successful Login&amp;#27;[0m                                                                              &amp;#27;[90m# Steps.iVerifyApplicantSSuccessfulLogin()&amp;#27;[0m
    &amp;#27;[32mAnd &amp;#27;[0m&amp;#27;[32mI Click on Register as Farmer&amp;#27;[0m                                                                                      &amp;#27;[90m# Steps.iClickOnRegisterAsFarmer()&amp;#27;[0m
    &amp;#27;[32mAnd &amp;#27;[0m&amp;#27;[32mI Verify that User is directed to My Application Page&amp;#27;[0m                                                              &amp;#27;[90m# Steps.iVerifyThatUserIsDirectedToMyApplicationPage()&amp;#27;[0m
    &amp;#27;[32mAnd &amp;#27;[0m&amp;#27;[32mI Verify display of Farmers Card link&amp;#27;[0m                                                                              &amp;#27;[90m# Steps.iVerifyDisplayOfFarmersCardLink()&amp;#27;[0m
    &amp;#27;[32mAnd &amp;#27;[0m&amp;#27;[32mI Verify Programmes link&amp;#27;[0m                                                                                           &amp;#27;[90m# Steps.iVerifyProgrammesLink()&amp;#27;[0m
    &amp;#27;[32mAnd &amp;#27;[0m&amp;#27;[32mI Click on New Button to apply for Registration&amp;#27;[0m                                                                    &amp;#27;[90m# Steps.iClickOnNewButtonToApplyForRegistration()&amp;#27;[0m
    &amp;#27;[32mAnd &amp;#27;[0m&amp;#27;[32mI Verify display of Registration Type Page&amp;#27;[0m                                                                         &amp;#27;[90m# Steps.iVerifyDisplayOfRegistrationTypePage()&amp;#27;[0m
    &amp;#27;[32mAnd &amp;#27;[0m&amp;#27;[32mI Click on Agro Processing Enterprise&amp;#27;[0m                                                                              &amp;#27;[90m# Steps.iClickOnAgroProcessingEnterprise()&amp;#27;[0m
    &amp;#27;[32mAnd &amp;#27;[0m&amp;#27;[32mI Verify display of REGISTRATION FOR AGRO-PROCESSING ENTERPRISE Page&amp;#27;[0m                                               &amp;#27;[90m# Steps.iVerifyDisplayOfREGISTRATIONFORAGROPROCESSINGENTERPRISEPage()&amp;#27;[0m
    &amp;#27;[32mAnd &amp;#27;[0m&amp;#27;[32mI Input Associate/Society/Company Name &quot;&amp;#27;[0m&amp;#27;[32m&amp;#27;[1mABC Agro Co Ltd&amp;#27;[0m&amp;#27;[32m&quot;&amp;#27;[0m                                                           &amp;#27;[90m# Steps.iInputAssociateSocietyCompanyName(String)&amp;#27;[0m
    &amp;#27;[32mAnd &amp;#27;[0m&amp;#27;[32mI Input Represented by &quot;&amp;#27;[0m&amp;#27;[32m&amp;#27;[1mMr John Brown&amp;#27;[0m&amp;#27;[32m&quot;&amp;#27;[0m                                                                             &amp;#27;[90m# Steps.iInputRepresentedBy(String)&amp;#27;[0m
    &amp;#27;[32mAnd &amp;#27;[0m&amp;#27;[32mI Input Business Registration No(BRN) for Agro-Processing Enterprise &quot;&amp;#27;[0m&amp;#27;[32m&amp;#27;[1mC123456789&amp;#27;[0m&amp;#27;[32m&quot;&amp;#27;[0m                                  &amp;#27;[90m# Steps.iInputBusinessRegistrationNoBRNForAgroProcessingEnterprise(String)&amp;#27;[0m
    &amp;#27;[32mAnd &amp;#27;[0m&amp;#27;[32mI Input Certificate of Incorporation No for Agro-Processing Enterprise &quot;&amp;#27;[0m&amp;#27;[32m&amp;#27;[1mXLPR852&amp;#27;[0m&amp;#27;[32m&quot;&amp;#27;[0m                                   &amp;#27;[90m# Steps.iInputCertificateOfIncorporationNoForAgroProcessingEnterprise(String)&amp;#27;[0m
    &amp;#27;[32mAnd &amp;#27;[0m&amp;#27;[32mI Select Activity &quot;&amp;#27;[0m&amp;#27;[32m&amp;#27;[1mFull Time&amp;#27;[0m&amp;#27;[32m&quot;&amp;#27;[0m                                                                                      &amp;#27;[90m# Steps.iSelectActivity(String)&amp;#27;[0m
    &amp;#27;[32mAnd &amp;#27;[0m&amp;#27;[32mI Input Office Address &quot;&amp;#27;[0m&amp;#27;[32m&amp;#27;[1mThe Main Road, Grand Port&amp;#27;[0m&amp;#27;[32m&quot;&amp;#27;[0m                                                                 &amp;#27;[90m# Steps.iInputOfficeAddress(String)&amp;#27;[0m
    &amp;#27;[32mAnd &amp;#27;[0m&amp;#27;[32mI Input Enterprise Address &quot;&amp;#27;[0m&amp;#27;[32m&amp;#27;[1mRoyal Road, Port Louis&amp;#27;[0m&amp;#27;[32m&quot;&amp;#27;[0m                                                                &amp;#27;[90m# Steps.iInputEnterpriseAddress(String)&amp;#27;[0m
    &amp;#27;[32mAnd &amp;#27;[0m&amp;#27;[32mI Select Duration Year for Registration membership &quot;&amp;#27;[0m&amp;#27;[32m&amp;#27;[1m1&amp;#27;[0m&amp;#27;[32m&quot;&amp;#27;[0m                                                             &amp;#27;[90m# Steps.iSelectDurationYearForRegistrationMembership(String)&amp;#27;[0m
    &amp;#27;[32mAnd &amp;#27;[0m&amp;#27;[32mI Input List of Products manufactured &quot;&amp;#27;[0m&amp;#27;[32m&amp;#27;[1mTomato, Pepper&amp;#27;[0m&amp;#27;[32m&quot;&amp;#27;[0m                                                             &amp;#27;[90m# Steps.iInputListOfProductsManufactured(String)&amp;#27;[0m
    &amp;#27;[32mAnd &amp;#27;[0m&amp;#27;[32mI Select Status of Applicant &quot;&amp;#27;[0m&amp;#27;[32m&amp;#27;[1mCompany&amp;#27;[0m&amp;#27;[32m&quot;&amp;#27;[0m                                                                             &amp;#27;[90m# Steps.iSelectStatusOfApplicant(String)&amp;#27;[0m
    &amp;#27;[32mAnd &amp;#27;[0m&amp;#27;[32mI Click on Save and Continue&amp;#27;[0m                                                                                       &amp;#27;[90m# Steps.iClickOnSaveAndContinue()&amp;#27;[0m
    &amp;#27;[32mAnd &amp;#27;[0m&amp;#27;[32mI Verify Upload Required Documents Page is displayed&amp;#27;[0m                                                               &amp;#27;[90m# Steps.iVerifyUploadRequiredDocumentsPageIsDisplayed()&amp;#27;[0m
    &amp;#27;[31mAnd &amp;#27;[0m&amp;#27;[31mI Upload Business Registration Card &quot;&amp;#27;[0m&amp;#27;[31m&amp;#27;[1msrc\test\resources\Upload_Test1.pdf&amp;#27;[0m&amp;#27;[31m&quot;&amp;#27;[0m                                          &amp;#27;[90m# Steps.iUploadBusinessRegistrationCard(String)&amp;#27;[0m
      &amp;#27;[31morg.openqa.selenium.TimeoutException: Expected condition failed: waiting for presence of element located by: By.xpath: (//span[@class=&apos;ui-button-icon-left ui-icon ui-c pi pi-download&apos;])[1] (tried for 1000 second(s) with 500 MILLISECONDS interval)
      	at org.openqa.selenium.support.ui.WebDriverWait.timeoutException(WebDriverWait.java:80)
      	at org.openqa.selenium.support.ui.FluentWait.until(FluentWait.java:232)
      	at stepdefinition.Steps.iUploadBusinessRegistrationCard(Steps.java:708)
      	at ?.And I Upload Business Registration Card &quot;src\test\resources\Upload_Test1.pdf&quot;(features/US12203.feature:34)
      Caused by: org.openqa.selenium.NoSuchElementException: Cannot locate an element using By.xpath: (//span[@class=&apos;ui-button-icon-left ui-icon ui-c pi pi-download&apos;])[1]
      For documentation on this error, please visit: http://seleniumhq.org/exceptions/no_such_element.html
      Build info: version: &apos;3.4.0&apos;, revision: &apos;unknown&apos;, time: &apos;unknown&apos;
      System info: host: &apos;SIL-LTDELLI7-G6&apos;, ip: &apos;192.168.100.33&apos;, os.name: &apos;Windows 11&apos;, os.arch: &apos;amd64&apos;, os.version: &apos;10.0&apos;, java.version: &apos;1.8.0_371&apos;
      Driver info: driver.version: unknown
      	at org.openqa.selenium.support.ui.ExpectedConditions.lambda$findElement$0(ExpectedConditions.java:883)
      	at java.util.Optional.orElseThrow(Optional.java:290)
      	at org.openqa.selenium.support.ui.ExpectedConditions.findElement(ExpectedConditions.java:882)
      	at org.openqa.selenium.support.ui.ExpectedConditions.access$000(ExpectedConditions.java:44)
      	at org.openqa.selenium.support.ui.ExpectedConditions$6.apply(ExpectedConditions.java:183)
      	at org.openqa.selenium.support.ui.ExpectedConditions$6.apply(ExpectedConditions.java:180)
      	at org.openqa.selenium.support.ui.FluentWait.until(FluentWait.java:209)
      	at stepdefinition.Steps.iUploadBusinessRegistrationCard(Steps.java:708)
      	at sun.reflect.NativeMethodAccessorImpl.invoke0(Native Method)
      	at sun.reflect.NativeMethodAccessorImpl.invoke(NativeMethodAccessorImpl.java:62)
      	at sun.reflect.DelegatingMethodAccessorImpl.invoke(DelegatingMethodAccessorImpl.java:43)
      	at java.lang.reflect.Method.invoke(Method.java:498)
      	at cucumber.runtime.Utils$1.call(Utils.java:40)
      	at cucumber.runtime.Timeout.timeout(Timeout.java:16)
      	at cucumber.runtime.Utils.invoke(Utils.java:34)
      	at cucumber.runtime.java.JavaStepDefinition.execute(JavaStepDefinition.java:38)
      	at cucumber.runtime.StepDefinitionMatch.runStep(StepDefinitionMatch.java:37)
      	at cucumber.runtime.Runtime.runStep(Runtime.java:300)
      	at cucumber.runtime.model.StepContainer.runStep(StepContainer.java:44)
      	at cucumber.runtime.model.StepContainer.runSteps(StepContainer.java:39)
      	at cucumber.runtime.model.CucumberScenario.run(CucumberScenario.java:44)
      	at cucumber.runtime.model.CucumberScenarioOutline.run(CucumberScenarioOutline.java:46)
      	at cucumber.runtime.model.CucumberFeature.run(CucumberFeature.java:165)
      	at cucumber.api.testng.TestNGCucumberRunner.runCukes(TestNGCucumberRunner.java:50)
      	at cucumbertest.TestRunner_web.runCukes(TestRunner_web.java:25)
      	at sun.reflect.NativeMethodAccessorImpl.invoke0(Native Method)
      	at sun.reflect.NativeMethodAccessorImpl.invoke(NativeMethodAccessorImpl.java:62)
      	at sun.reflect.DelegatingMethodAccessorImpl.invoke(DelegatingMethodAccessorImpl.java:43)
      	at java.lang.reflect.Method.invoke(Method.java:498)
      	at org.testng.internal.MethodInvocationHelper.invokeMethod(MethodInvocationHelper.java:86)
      	at org.testng.internal.Invoker.invokeMethod(Invoker.java:643)
      	at org.testng.internal.Invoker.invokeTestMethod(Invoker.java:820)
      	at org.testng.internal.Invoker.invokeTestMethods(Invoker.java:1128)
      	at org.testng.internal.TestMethodWorker.invokeTestMethods(TestMethodWorker.java:129)
      	at org.testng.internal.TestMethodWorker.run(TestMethodWorker.java:112)
      	at org.testng.TestRunner.privateRun(TestRunner.java:782)
      	at org.testng.TestRunner.run(TestRunner.java:632)
      	at org.testng.SuiteRunner.runTest(SuiteRunner.java:366)
      	at org.testng.SuiteRunner.runSequentially(SuiteRunner.java:361)
      	at org.testng.SuiteRunner.privateRun(SuiteRunner.java:319)
      	at org.testng.SuiteRunner.run(SuiteRunner.java:268)
      	at org.testng.SuiteRunnerWorker.runSuite(SuiteRunnerWorker.java:52)
      	at org.testng.SuiteRunnerWorker.run(SuiteRunnerWorker.java:86)
      	at org.testng.TestNG.runSuitesSequentially(TestNG.java:1244)
      	at org.testng.TestNG.runSuitesLocally(TestNG.java:1169)
      	at org.testng.TestNG.run(TestNG.java:1064)
      	at org.apache.maven.surefire.testng.TestNGExecutor.run(TestNGExecutor.java:77)
      	at org.apache.maven.surefire.testng.TestNGDirectoryTestSuite.execute(TestNGDirectoryTestSuite.java:110)
      	at org.apache.maven.surefire.testng.TestNGProvider.invoke(TestNGProvider.java:106)
      	at sun.reflect.NativeMethodAccessorImpl.invoke0(Native Method)
      	at sun.reflect.NativeMethodAccessorImpl.invoke(NativeMethodAccessorImpl.java:62)
      	at sun.reflect.DelegatingMethodAccessorImpl.invoke(DelegatingMethodAccessorImpl.java:43)
      	at java.lang.reflect.Method.invoke(Method.java:498)
      	at org.apache.maven.surefire.util.ReflectionUtils.invokeMethodWithArray(ReflectionUtils.java:189)
      	at org.apache.maven.surefire.booter.ProviderFactory$ProviderProxy.invoke(ProviderFactory.java:165)
      	at org.apache.maven.surefire.booter.ProviderFactory.invokeProvider(ProviderFactory.java:85)
      	at org.apache.maven.surefire.booter.ForkedBooter.runSuitesInProcess(ForkedBooter.java:115)
      	at org.apache.maven.surefire.booter.ForkedBooter.main(ForkedBooter.java:75)
      &amp;#27;[0m
    &amp;#27;[36mAnd &amp;#27;[0m&amp;#27;[36mI Upload Certificate of Incorporation &quot;&amp;#27;[0m&amp;#27;[36m&amp;#27;[1msrc\test\resources\Upload_Test1.pdf&amp;#27;[0m&amp;#27;[36m&quot;&amp;#27;[0m                                        &amp;#27;[90m# Steps.iUploadCertificateOfIncorporation(String)&amp;#27;[0m
    &amp;#27;[36mAnd &amp;#27;[0m&amp;#27;[36mI Upload List of Directors/ Associates &quot;&amp;#27;[0m&amp;#27;[36m&amp;#27;[1msrc\test\resources\Upload_Test1.pdf&amp;#27;[0m&amp;#27;[36m&quot;&amp;#27;[0m                                       &amp;#27;[90m# Steps.iUploadListOfDirectorsAssociates(String)&amp;#27;[0m
    &amp;#27;[36mAnd &amp;#27;[0m&amp;#27;[36mI Upload Board Resolution of Enterprise for appointment of representative(s) &quot;&amp;#27;[0m&amp;#27;[36m&amp;#27;[1msrc\test\resources\Upload_Test1.pdf&amp;#27;[0m&amp;#27;[36m&quot;&amp;#27;[0m &amp;#27;[90m# Steps.iUploadBoardResolutionOfEnterpriseForAppointmentOfRepresentativeS(String)&amp;#27;[0m
    &amp;#27;[36mAnd &amp;#27;[0m&amp;#27;[36mI Upload National Identity card of representative &quot;&amp;#27;[0m&amp;#27;[36m&amp;#27;[1msrc\test\resources\Upload_Test1.pdf&amp;#27;[0m&amp;#27;[36m&quot;&amp;#27;[0m                            &amp;#27;[90m# Steps.iUploadNationalIdentityCardOfRepresentative(String)&amp;#27;[0m
    &amp;#27;[36mAnd &amp;#27;[0m&amp;#27;[36mI Upload National Identity cards of all shareholders &quot;&amp;#27;[0m&amp;#27;[36m&amp;#27;[1msrc\test\resources\Upload_Test1.pdf&amp;#27;[0m&amp;#27;[36m&quot;&amp;#27;[0m                         &amp;#27;[90m# Steps.iUploadNationalIdentityCardsOfAllShareholders(String)&amp;#27;[0m
    &amp;#27;[36mAnd &amp;#27;[0m&amp;#27;[36mI Upload Location Plan &quot;&amp;#27;[0m&amp;#27;[36m&amp;#27;[1msrc\test\resources\Upload_Test1.pdf&amp;#27;[0m&amp;#27;[36m&quot;&amp;#27;[0m                                                       &amp;#27;[90m# Steps.iUploadLocationPlan(String)&amp;#27;[0m
    &amp;#27;[36mAnd &amp;#27;[0m&amp;#27;[36mI Upload Copy of SMEDA Certificate &quot;&amp;#27;[0m&amp;#27;[36m&amp;#27;[1msrc\test\resources\Upload_Test1.pdf&amp;#27;[0m&amp;#27;[36m&quot;&amp;#27;[0m                                           &amp;#27;[90m# Steps.iUploadCopyOfSMEDACertificate(String)&amp;#27;[0m
    &amp;#27;[36mAnd &amp;#27;[0m&amp;#27;[36mI Upload Copy of Utility Bill &quot;&amp;#27;[0m&amp;#27;[36m&amp;#27;[1msrc\test\resources\Upload_Test1.pdf&amp;#27;[0m&amp;#27;[36m&quot;&amp;#27;[0m                                                &amp;#27;[90m# Steps.iUploadCopyOfUtilityBill(String)&amp;#27;[0m
    &amp;#27;[36mAnd &amp;#27;[0m&amp;#27;[36mI Verify for Document Upload Success Message&amp;#27;[0m                                                                       &amp;#27;[90m# Steps.iVerifyForDocumentUploadSuccessMessage()&amp;#27;[0m
    &amp;#27;[36mAnd &amp;#27;[0m&amp;#27;[36mI Click on Add Additional Document&amp;#27;[0m                                                                                 &amp;#27;[90m# Steps.iClickOnAddAdditionalDocument()&amp;#27;[0m
    &amp;#27;[36mAnd &amp;#27;[0m&amp;#27;[36mI Input Additional Document Name &quot;&amp;#27;[0m&amp;#27;[36m&amp;#27;[1mAdditional Document Test&amp;#27;[0m&amp;#27;[36m&quot;&amp;#27;[0m                                                        &amp;#27;[90m# Steps.iInputAdditionalDocumentName(String)&amp;#27;[0m
    &amp;#27;[36mAnd &amp;#27;[0m&amp;#27;[36mI Verify Success message for adding Additional Document Name&amp;#27;[0m                                                       &amp;#27;[90m# Steps.iVerifySuccessMessageForAddingAdditionalDocumentName()&amp;#27;[0m
    &amp;#27;[36mAnd &amp;#27;[0m&amp;#27;[36mI Upload Additional Document &quot;&amp;#27;[0m&amp;#27;[36m&amp;#27;[1msrc\test\resources\Upload_Test1.pdf&amp;#27;[0m&amp;#27;[36m&quot;&amp;#27;[0m                                                 &amp;#27;[90m# Steps.iUploadAdditionalDocument(String)&amp;#27;[0m
    &amp;#27;[36mAnd &amp;#27;[0m&amp;#27;[36mI Verify for Document Upload Success Message&amp;#27;[0m                                                                       &amp;#27;[90m# Steps.iVerifyForDocumentUploadSuccessMessage()&amp;#27;[0m
    &amp;#27;[36mAnd &amp;#27;[0m&amp;#27;[36mI Click on Save and Continue&amp;#27;[0m                                                                                       &amp;#27;[90m# Steps.iClickOnSaveAndContinue()&amp;#27;[0m
    &amp;#27;[36mAnd &amp;#27;[0m&amp;#27;[36mI Verify Terms and Conditions Page&amp;#27;[0m                                                                                 &amp;#27;[90m# Steps.iVerifyTermsAndConditionsPage()&amp;#27;[0m
    &amp;#27;[36mAnd &amp;#27;[0m&amp;#27;[36mI click on I agree to the Terms and Conditions&amp;#27;[0m                                                                     &amp;#27;[90m# Steps.iClickOnIAgreeToTheTermsAndConditions()&amp;#27;[0m
    &amp;#27;[36mAnd &amp;#27;[0m&amp;#27;[36mI Select Bank &quot;&amp;#27;[0m&amp;#27;[36m&amp;#27;[1mABC Banking&amp;#27;[0m&amp;#27;[36m&quot;&amp;#27;[0m                                                                                        &amp;#27;[90m# Steps.iSelectBank(String)&amp;#27;[0m
    &amp;#27;[36mAnd &amp;#27;[0m&amp;#27;[36mI Input Bank Branch &quot;&amp;#27;[0m&amp;#27;[36m&amp;#27;[1mPort Louis&amp;#27;[0m&amp;#27;[36m&quot;&amp;#27;[0m                                                                                   &amp;#27;[90m# Steps.iInputBankBranch(String)&amp;#27;[0m
    &amp;#27;[36mAnd &amp;#27;[0m&amp;#27;[36mI Input Personal Bank Account Number&quot;&amp;#27;[0m&amp;#27;[36m&amp;#27;[1m0001252563636&amp;#27;[0m&amp;#27;[36m&quot;&amp;#27;[0m                                                                &amp;#27;[90m# Steps.iInputPersonalBankAccountNumber(String)&amp;#27;[0m
    &amp;#27;[36mAnd &amp;#27;[0m&amp;#27;[36mI Click on Submit Application &quot;&amp;#27;[0m&amp;#27;[36m&amp;#27;[1mYes&amp;#27;[0m&amp;#27;[36m&quot;&amp;#27;[0m                                                                                &amp;#27;[90m# Steps.iClickOnSubmitApplication(String)&amp;#27;[0m
    &amp;#27;[36mAnd &amp;#27;[0m&amp;#27;[36mI Verify Success message for application submitted&amp;#27;[0m                                                                 &amp;#27;[90m# Steps.iVerifySuccessMessageForApplicationSubmitted()&amp;#27;[0m

&amp;#27;[31mFailed scenarios:&amp;#27;[0m
&amp;#27;[31mfeatures/US12203.feature:63 &amp;#27;[0m# Scenario Outline: Register as Agro-Processing Enterprise-Application form

1 Scenarios (&amp;#27;[31m1 failed&amp;#27;[0m)
47 Steps (&amp;#27;[31m1 failed&amp;#27;[0m, &amp;#27;[36m22 skipped&amp;#27;[0m, &amp;#27;[32m24 passed&amp;#27;[0m)
17m5.890s

org.openqa.selenium.TimeoutException: Expected condition failed: waiting for presence of element located by: By.xpath: (//span[@class=&apos;ui-button-icon-left ui-icon ui-c pi pi-download&apos;])[1] (tried for 1000 second(s) with 500 MILLISECONDS interval)
	at org.openqa.selenium.support.ui.WebDriverWait.timeoutException(WebDriverWait.java:80)
	at org.openqa.selenium.support.ui.FluentWait.until(FluentWait.java:232)
	at stepdefinition.Steps.iUploadBusinessRegistrationCard(Steps.java:708)
	at ?.And I Upload Business Registration Card &quot;src\test\resources\Upload_Test1.pdf&quot;(features/US12203.feature:34)
Caused by: org.openqa.selenium.NoSuchElementException: Cannot locate an element using By.xpath: (//span[@class=&apos;ui-button-icon-left ui-icon ui-c pi pi-download&apos;])[1]
For documentation on this error, please visit: http://seleniumhq.org/exceptions/no_such_element.html
Build info: version: &apos;3.4.0&apos;, revision: &apos;unknown&apos;, time: &apos;unknown&apos;
System info: host: &apos;SIL-LTDELLI7-G6&apos;, ip: &apos;192.168.100.33&apos;, os.name: &apos;Windows 11&apos;, os.arch: &apos;amd64&apos;, os.version: &apos;10.0&apos;, java.version: &apos;1.8.0_371&apos;
Driver info: driver.version: unknown
	at org.openqa.selenium.support.ui.ExpectedConditions.lambda$findElement$0(ExpectedConditions.java:883)
	at java.util.Optional.orElseThrow(Optional.java:290)
	at org.openqa.selenium.support.ui.ExpectedConditions.findElement(ExpectedConditions.java:882)
	at org.openqa.selenium.support.ui.ExpectedConditions.access$000(ExpectedConditions.java:44)
	at org.openqa.selenium.support.ui.ExpectedConditions$6.apply(ExpectedConditions.java:183)
	at org.openqa.selenium.support.ui.ExpectedConditions$6.apply(ExpectedConditions.java:180)
	at org.openqa.selenium.support.ui.FluentWait.until(FluentWait.java:209)
	at stepdefinition.Steps.iUploadBusinessRegistrationCard(Steps.java:708)
	at sun.reflect.NativeMethodAccessorImpl.invoke0(Native Method)
	at sun.reflect.NativeMethodAccessorImpl.invoke(NativeMethodAccessorImpl.java:62)
	at sun.reflect.DelegatingMethodAccessorImpl.invoke(DelegatingMethodAccessorImpl.java:43)
	at java.lang.reflect.Method.invoke(Method.java:498)
	at cucumber.runtime.Utils$1.call(Utils.java:40)
	at cucumber.runtime.Timeout.timeout(Timeout.java:16)
	at cucumber.runtime.Utils.invoke(Utils.java:34)
	at cucumber.runtime.java.JavaStepDefinition.execute(JavaStepDefinition.java:38)
	at cucumber.runtime.StepDefinitionMatch.runStep(StepDefinitionMatch.java:37)
	at cucumber.runtime.Runtime.runStep(Runtime.java:300)
	at cucumber.runtime.model.StepContainer.runStep(StepContainer.java:44)
	at cucumber.runtime.model.StepContainer.runSteps(StepContainer.java:39)
	at cucumber.runtime.model.CucumberScenario.run(CucumberScenario.java:44)
	at cucumber.runtime.model.CucumberScenarioOutline.run(CucumberScenarioOutline.java:46)
	at cucumber.runtime.model.CucumberFeature.run(CucumberFeature.java:165)
	at cucumber.api.testng.TestNGCucumberRunner.runCukes(TestNGCucumberRunner.java:50)
	at cucumbertest.TestRunner_web.runCukes(TestRunner_web.java:25)
	at sun.reflect.NativeMethodAccessorImpl.invoke0(Native Method)
	at sun.reflect.NativeMethodAccessorImpl.invoke(NativeMethodAccessorImpl.java:62)
	at sun.reflect.DelegatingMethodAccessorImpl.invoke(DelegatingMethodAccessorImpl.java:43)
	at java.lang.reflect.Method.invoke(Method.java:498)
	at org.testng.internal.MethodInvocationHelper.invokeMethod(MethodInvocationHelper.java:86)
	at org.testng.internal.Invoker.invokeMethod(Invoker.java:643)
	at org.testng.internal.Invoker.invokeTestMethod(Invoker.java:820)
	at org.testng.internal.Invoker.invokeTestMethods(Invoker.java:1128)
	at org.testng.internal.TestMethodWorker.invokeTestMethods(TestMethodWorker.java:129)
	at org.testng.internal.TestMethodWorker.run(TestMethodWorker.java:112)
	at org.testng.TestRunner.privateRun(TestRunner.java:782)
	at org.testng.TestRunner.run(TestRunner.java:632)
	at org.testng.SuiteRunner.runTest(SuiteRunner.java:366)
	at org.testng.SuiteRunner.runSequentially(SuiteRunner.java:361)
	at org.testng.SuiteRunner.privateRun(SuiteRunner.java:319)
	at org.testng.SuiteRunner.run(SuiteRunner.java:268)
	at org.testng.SuiteRunnerWorker.runSuite(SuiteRunnerWorker.java:52)
	at org.testng.SuiteRunnerWorker.run(SuiteRunnerWorker.java:86)
	at org.testng.TestNG.runSuitesSequentially(TestNG.java:1244)
	at org.testng.TestNG.runSuitesLocally(TestNG.java:1169)
	at org.testng.TestNG.run(TestNG.java:1064)
	at org.apache.maven.surefire.testng.TestNGExecutor.run(TestNGExecutor.java:77)
	at org.apache.maven.surefire.testng.TestNGDirectoryTestSuite.execute(TestNGDirectoryTestSuite.java:110)
	at org.apache.maven.surefire.testng.TestNGProvider.invoke(TestNGProvider.java:106)
	at sun.reflect.NativeMethodAccessorImpl.invoke0(Native Method)
	at sun.reflect.NativeMethodAccessorImpl.invoke(NativeMethodAccessorImpl.java:62)
	at sun.reflect.DelegatingMethodAccessorImpl.invoke(DelegatingMethodAccessorImpl.java:43)
	at java.lang.reflect.Method.invoke(Method.java:498)
	at org.apache.maven.surefire.util.ReflectionUtils.invokeMethodWithArray(ReflectionUtils.java:189)
	at org.apache.maven.surefire.booter.ProviderFactory$ProviderProxy.invoke(ProviderFactory.java:165)
	at org.apache.maven.surefire.booter.ProviderFactory.invokeProvider(ProviderFactory.java:85)
	at org.apache.maven.surefire.booter.ForkedBooter.runSuitesInProcess(ForkedBooter.java:115)
	at org.apache.maven.surefire.booter.ForkedBooter.main(ForkedBooter.java:75)

</system-out>
    <system-err>SLF4J: No SLF4J providers were found.
SLF4J: Defaulting to no-operation (NOP) logger implementation
SLF4J: See https://www.slf4j.org/codes.html#noProviders for further details.
Starting ChromeDriver 127.0.6533.88 (a2d0cb026721e4644e489b8ebb07038ca4e4351c-refs/branch-heads/6533@{#1846}) on port 6009
Only local connections are allowed.
Please see https://chromedriver.chromium.org/security-considerations for suggestions on keeping ChromeDriver safe.
ChromeDriver was started successfully.
Aug 06, 2024 2:20:13 PM org.openqa.selenium.remote.ProtocolHandshake createSession
INFO: Detected dialect: W3C
log4j:WARN No appenders could be found for logger (freemarker.cache).
log4j:WARN Please initialize the log4j system properly.
</system-err>
  </testcase>
</testsuite>