<?xml version="1.0" encoding="UTF-8" ?>
<testsuite tests="1" failures="1" name="cucumbertest.TestRunner_web" time="27.821" errors="0" skipped="0">
  <properties>
[...]
</properties>
  <testcase classname="cucumbertest.TestRunner_web" name="runCukes" time="27.821">
    <failure message="org.openqa.selenium.remote.UnreachableBrowserException: Error communicating with the remote browser. It may have died.
Build info: version: &apos;3.4.0&apos;, revision: &apos;unknown&apos;, time: &apos;unknown&apos;
System info: host: &apos;SIL-LT5-ALIN&apos;, ip: &apos;130.1.19.186&apos;, os.name: &apos;Windows 10&apos;, os.arch: &apos;amd64&apos;, os.version: &apos;10.0&apos;, java.version: &apos;1.8.0_371&apos;
Driver info: driver.version: RemoteWebDriver
Capabilities [{networkConnectionEnabled=false, chrome={chromedriverVersion=127.0.6533.99 (f31af5097d90ef5ae5bd7b8700199bc6189ba34d-refs/branch-heads/6533@{#1910}), userDataDir=C:\Users\ALI~1.NAU\AppData\Local\Temp\scoped_dir11672_975179490}, timeouts={implicit=0.0, pageLoad=300000.0, script=30000.0}, pageLoadStrategy=normal, unhandledPromptBehavior=dismiss and notify, strictFileInteractability=false, platform=ANY, proxy=Proxy(), webauthn:extension:minPinLength=true, goog:chromeOptions={debuggerAddress=localhost:53622}, webauthn:extension:credBlob=true, webauthn:extension:prf=true, acceptInsecureCerts=false, browserVersion=127.0.6533.100, fedcm:accounts=true, browserName=chrome, javascriptEnabled=true, platformName=windows, setWindowRect=true, webauthn:extension:largeBlob=true, webauthn:virtualAuthenticators=true}]
Session ID: 2897502b577d3c56396215960fdda16f" type="cucumber.runtime.CucumberException">cucumber.runtime.CucumberException: org.openqa.selenium.remote.UnreachableBrowserException: Error communicating with the remote browser. It may have died.
Build info: version: &apos;3.4.0&apos;, revision: &apos;unknown&apos;, time: &apos;unknown&apos;
System info: host: &apos;SIL-LT5-ALIN&apos;, ip: &apos;130.1.19.186&apos;, os.name: &apos;Windows 10&apos;, os.arch: &apos;amd64&apos;, os.version: &apos;10.0&apos;, java.version: &apos;1.8.0_371&apos;
Driver info: driver.version: RemoteWebDriver
Capabilities [{networkConnectionEnabled=false, chrome={chromedriverVersion=127.0.6533.99 (f31af5097d90ef5ae5bd7b8700199bc6189ba34d-refs/branch-heads/6533@{#1910}), userDataDir=C:\Users\ALI~1.NAU\AppData\Local\Temp\scoped_dir11672_975179490}, timeouts={implicit=0.0, pageLoad=300000.0, script=30000.0}, pageLoadStrategy=normal, unhandledPromptBehavior=dismiss and notify, strictFileInteractability=false, platform=ANY, proxy=Proxy(), webauthn:extension:minPinLength=true, goog:chromeOptions={debuggerAddress=localhost:53622}, webauthn:extension:credBlob=true, webauthn:extension:prf=true, acceptInsecureCerts=false, browserVersion=127.0.6533.100, fedcm:accounts=true, browserName=chrome, javascriptEnabled=true, platformName=windows, setWindowRect=true, webauthn:extension:largeBlob=true, webauthn:virtualAuthenticators=true}]
Session ID: 2897502b577d3c56396215960fdda16f
	at cucumber.api.testng.TestNGCucumberRunner.runCukes(TestNGCucumberRunner.java:57)
	at cucumbertest.TestRunner_web.runCukes(TestRunner_web.java:25)
Caused by: org.openqa.selenium.remote.UnreachableBrowserException: Error communicating with the remote browser. It may have died.
Build info: version: &apos;3.4.0&apos;, revision: &apos;unknown&apos;, time: &apos;unknown&apos;
System info: host: &apos;SIL-LT5-ALIN&apos;, ip: &apos;130.1.19.186&apos;, os.name: &apos;Windows 10&apos;, os.arch: &apos;amd64&apos;, os.version: &apos;10.0&apos;, java.version: &apos;1.8.0_371&apos;
Driver info: driver.version: RemoteWebDriver
Capabilities [{networkConnectionEnabled=false, chrome={chromedriverVersion=127.0.6533.99 (f31af5097d90ef5ae5bd7b8700199bc6189ba34d-refs/branch-heads/6533@{#1910}), userDataDir=C:\Users\ALI~1.NAU\AppData\Local\Temp\scoped_dir11672_975179490}, timeouts={implicit=0.0, pageLoad=300000.0, script=30000.0}, pageLoadStrategy=normal, unhandledPromptBehavior=dismiss and notify, strictFileInteractability=false, platform=ANY, proxy=Proxy(), webauthn:extension:minPinLength=true, goog:chromeOptions={debuggerAddress=localhost:53622}, webauthn:extension:credBlob=true, webauthn:extension:prf=true, acceptInsecureCerts=false, browserVersion=127.0.6533.100, fedcm:accounts=true, browserName=chrome, javascriptEnabled=true, platformName=windows, setWindowRect=true, webauthn:extension:largeBlob=true, webauthn:virtualAuthenticators=true}]
Session ID: 2897502b577d3c56396215960fdda16f
	at org.openqa.selenium.remote.RemoteWebDriver.execute(RemoteWebDriver.java:658)
	at org.openqa.selenium.remote.RemoteWebDriver.execute(RemoteWebDriver.java:694)
	at org.openqa.selenium.remote.RemoteWebDriver.quit(RemoteWebDriver.java:533)
	at stepdefinition.Steps.setup(Steps.java:79)
	at sun.reflect.NativeMethodAccessorImpl.invoke0(Native Method)
	at sun.reflect.NativeMethodAccessorImpl.invoke(NativeMethodAccessorImpl.java:62)
	at sun.reflect.DelegatingMethodAccessorImpl.invoke(DelegatingMethodAccessorImpl.java:43)
	at java.lang.reflect.Method.invoke(Method.java:498)
	at cucumber.runtime.Utils$1.call(Utils.java:40)
	at cucumber.runtime.Timeout.timeout(Timeout.java:16)
	at cucumber.runtime.Utils.invoke(Utils.java:34)
	at cucumber.runtime.java.JavaHookDefinition.execute(JavaHookDefinition.java:60)
	at cucumber.runtime.Runtime.runHookIfTagsMatch(Runtime.java:224)
	at cucumber.runtime.Runtime.runHooks(Runtime.java:212)
	at cucumber.runtime.Runtime.runAfterHooks(Runtime.java:206)
	at cucumber.runtime.model.CucumberScenario.run(CucumberScenario.java:46)
	at cucumber.runtime.model.CucumberScenarioOutline.run(CucumberScenarioOutline.java:46)
	at cucumber.runtime.model.CucumberFeature.run(CucumberFeature.java:165)
	at cucumber.api.testng.TestNGCucumberRunner.runCukes(TestNGCucumberRunner.java:50)
	... 34 more
Caused by: java.lang.RuntimeException: Process refused to die after 10 seconds, and couldn&apos;t taskkill it: Timeout waiting for process to die
	at org.openqa.selenium.os.ProcessUtils.killWinProcess(ProcessUtils.java:133)
	at org.openqa.selenium.os.ProcessUtils.killProcess(ProcessUtils.java:81)
	at org.openqa.selenium.os.UnixProcess$SeleniumWatchDog.destroyHarder(UnixProcess.java:246)
	at org.openqa.selenium.os.UnixProcess$SeleniumWatchDog.access$200(UnixProcess.java:200)
	at org.openqa.selenium.os.UnixProcess.destroy(UnixProcess.java:126)
	at org.openqa.selenium.os.CommandLine.destroy(CommandLine.java:153)
	at org.openqa.selenium.remote.service.DriverService.stop(DriverService.java:221)
	at org.openqa.selenium.remote.service.DriverCommandExecutor.execute(DriverCommandExecutor.java:94)
	at org.openqa.selenium.remote.RemoteWebDriver.execute(RemoteWebDriver.java:637)
	... 52 more
Caused by: org.openqa.selenium.os.ProcessUtils$ProcessStillAliveException: Timeout waiting for process to die
	at org.openqa.selenium.os.ProcessUtils.waitForProcessDeath(ProcessUtils.java:67)
	at org.openqa.selenium.os.ProcessUtils.killWinProcess(ProcessUtils.java:129)
	... 60 more
Caused by: java.lang.InterruptedException
	at java.lang.ProcessImpl.waitFor(ProcessImpl.java:523)
	at org.openqa.selenium.os.ProcessUtils$ProcessWaiter.run(ProcessUtils.java:154)
	at java.lang.Thread.run(Thread.java:750)
</failure>
    <system-out>Configuring TestNG with: org.apache.maven.surefire.testng.conf.TestNG652Configurator@2cfb4a64
#User Story Sign In
# As an Back Office User
# I want to Sign In
# So that I can access the SFWF Backoffice Portal
@Main_feature
Feature: Login into SFWF Backoffice Portal

  #Scenario1
  @Sign_in_correct_credentials
  Scenario Outline: Login into SFWF Backoffice Portal with correct credentials &amp;#27;[90m# features/Sign_in_backoffice.feature:12&amp;#27;[0m
    &amp;#27;[36mGiven &amp;#27;[0m&amp;#27;[36mI am on SFWF Back Office Home Page &quot;&lt;Browser&gt;&quot;&amp;#27;[0m
    &amp;#27;[36mWhen &amp;#27;[0m&amp;#27;[36mI Input Username &quot;&lt;Username&gt;&quot; and Password &quot;&lt;Password&gt;&quot;&amp;#27;[0m
    &amp;#27;[36mAnd &amp;#27;[0m&amp;#27;[36mI Click on Sign In button&amp;#27;[0m
    &amp;#27;[36mAnd &amp;#27;[0m&amp;#27;[36mI Verify Successful Login&amp;#27;[0m
    &amp;#27;[36mAnd &amp;#27;[0m&amp;#27;[36mI Sign Out&amp;#27;[0m
    &amp;#27;[36mAnd &amp;#27;[0m&amp;#27;[36mI Verify Successful Sign Out&amp;#27;[0m
    &amp;#27;[36mThen &amp;#27;[0m&amp;#27;[36mI click on forget password&amp;#27;[0m
    &amp;#27;[36mAnd &amp;#27;[0m&amp;#27;[36mI Verify Forget Password Page&amp;#27;[0m

    Examples: 
&amp;#27;[31mFailure in after hook:&amp;#27;[0m&amp;#27;[31mSteps.setup()&amp;#27;[0m
&amp;#27;[31mMessage: &amp;#27;[0m&amp;#27;[31morg.openqa.selenium.remote.UnreachableBrowserException: Error communicating with the remote browser. It may have died.
Build info: version: &apos;3.4.0&apos;, revision: &apos;unknown&apos;, time: &apos;unknown&apos;
System info: host: &apos;SIL-LT5-ALIN&apos;, ip: &apos;130.1.19.186&apos;, os.name: &apos;Windows 10&apos;, os.arch: &apos;amd64&apos;, os.version: &apos;10.0&apos;, java.version: &apos;1.8.0_371&apos;
Driver info: driver.version: RemoteWebDriver
Capabilities [{networkConnectionEnabled=false, chrome={chromedriverVersion=127.0.6533.99 (f31af5097d90ef5ae5bd7b8700199bc6189ba34d-refs/branch-heads/6533@{#1910}), userDataDir=C:\Users\ALI~1.NAU\AppData\Local\Temp\scoped_dir11672_975179490}, timeouts={implicit=0.0, pageLoad=300000.0, script=30000.0}, pageLoadStrategy=normal, unhandledPromptBehavior=dismiss and notify, strictFileInteractability=false, platform=ANY, proxy=Proxy(), webauthn:extension:minPinLength=true, goog:chromeOptions={debuggerAddress=localhost:53622}, webauthn:extension:credBlob=true, webauthn:extension:prf=true, acceptInsecureCerts=false, browserVersion=127.0.6533.100, fedcm:accounts=true, browserName=chrome, javascriptEnabled=true, platformName=windows, setWindowRect=true, webauthn:extension:largeBlob=true, webauthn:virtualAuthenticators=true}]
Session ID: 2897502b577d3c56396215960fdda16f
	at org.openqa.selenium.remote.RemoteWebDriver.execute(RemoteWebDriver.java:658)
	at org.openqa.selenium.remote.RemoteWebDriver.execute(RemoteWebDriver.java:694)
	at org.openqa.selenium.remote.RemoteWebDriver.quit(RemoteWebDriver.java:533)
	at stepdefinition.Steps.setup(Steps.java:79)
	at sun.reflect.NativeMethodAccessorImpl.invoke0(Native Method)
	at sun.reflect.NativeMethodAccessorImpl.invoke(NativeMethodAccessorImpl.java:62)
	at sun.reflect.DelegatingMethodAccessorImpl.invoke(DelegatingMethodAccessorImpl.java:43)
	at java.lang.reflect.Method.invoke(Method.java:498)
	at cucumber.runtime.Utils$1.call(Utils.java:40)
	at cucumber.runtime.Timeout.timeout(Timeout.java:16)
	at cucumber.runtime.Utils.invoke(Utils.java:34)
	at cucumber.runtime.java.JavaHookDefinition.execute(JavaHookDefinition.java:60)
	at cucumber.runtime.Runtime.runHookIfTagsMatch(Runtime.java:224)
	at cucumber.runtime.Runtime.runHooks(Runtime.java:212)
	at cucumber.runtime.Runtime.runAfterHooks(Runtime.java:206)
	at cucumber.runtime.model.CucumberScenario.run(CucumberScenario.java:46)
	at cucumber.runtime.model.CucumberScenarioOutline.run(CucumberScenarioOutline.java:46)
	at cucumber.runtime.model.CucumberFeature.run(CucumberFeature.java:165)
	at cucumber.api.testng.TestNGCucumberRunner.runCukes(TestNGCucumberRunner.java:50)
	at cucumbertest.TestRunner_web.runCukes(TestRunner_web.java:25)
	at sun.reflect.NativeMethodAccessorImpl.invoke0(Native Method)
	at sun.reflect.NativeMethodAccessorImpl.invoke(NativeMethodAccessorImpl.java:62)
	at sun.reflect.DelegatingMethodAccessorImpl.invoke(DelegatingMethodAccessorImpl.java:43)
	at java.lang.reflect.Method.invoke(Method.java:498)
	at org.testng.internal.MethodInvocationHelper.invokeMethod(MethodInvocationHelper.java:86)
	at org.testng.internal.Invoker.invokeMethod(Invoker.java:643)
	at org.testng.internal.Invoker.invokeTestMethod(Invoker.java:820)
	at org.testng.internal.Invoker.invokeTestMethods(Invoker.java:1128)
	at org.testng.internal.TestMethodWorker.invokeTestMethods(TestMethodWorker.java:129)
	at org.testng.internal.TestMethodWorker.run(TestMethodWorker.java:112)
	at org.testng.TestRunner.privateRun(TestRunner.java:782)
	at org.testng.TestRunner.run(TestRunner.java:632)
	at org.testng.SuiteRunner.runTest(SuiteRunner.java:366)
	at org.testng.SuiteRunner.runSequentially(SuiteRunner.java:361)
	at org.testng.SuiteRunner.privateRun(SuiteRunner.java:319)
	at org.testng.SuiteRunner.run(SuiteRunner.java:268)
	at org.testng.SuiteRunnerWorker.runSuite(SuiteRunnerWorker.java:52)
	at org.testng.SuiteRunnerWorker.run(SuiteRunnerWorker.java:86)
	at org.testng.TestNG.runSuitesSequentially(TestNG.java:1244)
	at org.testng.TestNG.runSuitesLocally(TestNG.java:1169)
	at org.testng.TestNG.run(TestNG.java:1064)
	at org.apache.maven.surefire.testng.TestNGExecutor.run(TestNGExecutor.java:77)
	at org.apache.maven.surefire.testng.TestNGDirectoryTestSuite.execute(TestNGDirectoryTestSuite.java:110)
	at org.apache.maven.surefire.testng.TestNGProvider.invoke(TestNGProvider.java:106)
	at sun.reflect.NativeMethodAccessorImpl.invoke0(Native Method)
	at sun.reflect.NativeMethodAccessorImpl.invoke(NativeMethodAccessorImpl.java:62)
	at sun.reflect.DelegatingMethodAccessorImpl.invoke(DelegatingMethodAccessorImpl.java:43)
	at java.lang.reflect.Method.invoke(Method.java:498)
	at org.apache.maven.surefire.util.ReflectionUtils.invokeMethodWithArray(ReflectionUtils.java:189)
	at org.apache.maven.surefire.booter.ProviderFactory$ProviderProxy.invoke(ProviderFactory.java:165)
	at org.apache.maven.surefire.booter.ProviderFactory.invokeProvider(ProviderFactory.java:85)
	at org.apache.maven.surefire.booter.ForkedBooter.runSuitesInProcess(ForkedBooter.java:115)
	at org.apache.maven.surefire.booter.ForkedBooter.main(ForkedBooter.java:75)
Caused by: java.lang.RuntimeException: Process refused to die after 10 seconds, and couldn&apos;t taskkill it: Timeout waiting for process to die
	at org.openqa.selenium.os.ProcessUtils.killWinProcess(ProcessUtils.java:133)
	at org.openqa.selenium.os.ProcessUtils.killProcess(ProcessUtils.java:81)
	at org.openqa.selenium.os.UnixProcess$SeleniumWatchDog.destroyHarder(UnixProcess.java:246)
	at org.openqa.selenium.os.UnixProcess$SeleniumWatchDog.access$200(UnixProcess.java:200)
	at org.openqa.selenium.os.UnixProcess.destroy(UnixProcess.java:126)
	at org.openqa.selenium.os.CommandLine.destroy(CommandLine.java:153)
	at org.openqa.selenium.remote.service.DriverService.stop(DriverService.java:221)
	at org.openqa.selenium.remote.service.DriverCommandExecutor.execute(DriverCommandExecutor.java:94)
	at org.openqa.selenium.remote.RemoteWebDriver.execute(RemoteWebDriver.java:637)
	... 52 more
Caused by: org.openqa.selenium.os.ProcessUtils$ProcessStillAliveException: Timeout waiting for process to die
	at org.openqa.selenium.os.ProcessUtils.waitForProcessDeath(ProcessUtils.java:67)
	at org.openqa.selenium.os.ProcessUtils.killWinProcess(ProcessUtils.java:129)
	... 60 more
Caused by: java.lang.InterruptedException
	at java.lang.ProcessImpl.waitFor(ProcessImpl.java:523)
	at org.openqa.selenium.os.ProcessUtils$ProcessWaiter.run(ProcessUtils.java:154)
	at java.lang.Thread.run(Thread.java:750)
&amp;#27;[0m
      &amp;#27;[31morg.openqa.selenium.remote.UnreachableBrowserException: Error communicating with the remote browser. It may have died.
      Build info: version: &apos;3.4.0&apos;, revision: &apos;unknown&apos;, time: &apos;unknown&apos;
      System info: host: &apos;SIL-LT5-ALIN&apos;, ip: &apos;130.1.19.186&apos;, os.name: &apos;Windows 10&apos;, os.arch: &apos;amd64&apos;, os.version: &apos;10.0&apos;, java.version: &apos;1.8.0_371&apos;
      Driver info: driver.version: RemoteWebDriver
      Capabilities [{networkConnectionEnabled=false, chrome={chromedriverVersion=127.0.6533.99 (f31af5097d90ef5ae5bd7b8700199bc6189ba34d-refs/branch-heads/6533@{#1910}), userDataDir=C:\Users\ALI~1.NAU\AppData\Local\Temp\scoped_dir11672_975179490}, timeouts={implicit=0.0, pageLoad=300000.0, script=30000.0}, pageLoadStrategy=normal, unhandledPromptBehavior=dismiss and notify, strictFileInteractability=false, platform=ANY, proxy=Proxy(), webauthn:extension:minPinLength=true, goog:chromeOptions={debuggerAddress=localhost:53622}, webauthn:extension:credBlob=true, webauthn:extension:prf=true, acceptInsecureCerts=false, browserVersion=127.0.6533.100, fedcm:accounts=true, browserName=chrome, javascriptEnabled=true, platformName=windows, setWindowRect=true, webauthn:extension:largeBlob=true, webauthn:virtualAuthenticators=true}]
      Session ID: 2897502b577d3c56396215960fdda16f
      	at org.openqa.selenium.remote.RemoteWebDriver.execute(RemoteWebDriver.java:658)
      	at org.openqa.selenium.remote.RemoteWebDriver.execute(RemoteWebDriver.java:694)
      	at org.openqa.selenium.remote.RemoteWebDriver.quit(RemoteWebDriver.java:533)
      	at stepdefinition.Steps.setup(Steps.java:79)
      	at sun.reflect.NativeMethodAccessorImpl.invoke0(Native Method)
      	at sun.reflect.NativeMethodAccessorImpl.invoke(NativeMethodAccessorImpl.java:62)
      	at sun.reflect.DelegatingMethodAccessorImpl.invoke(DelegatingMethodAccessorImpl.java:43)
      	at java.lang.reflect.Method.invoke(Method.java:498)
      	at cucumber.runtime.Utils$1.call(Utils.java:40)
      	at cucumber.runtime.Timeout.timeout(Timeout.java:16)
      	at cucumber.runtime.Utils.invoke(Utils.java:34)
      	at cucumber.runtime.java.JavaHookDefinition.execute(JavaHookDefinition.java:60)
      	at cucumber.runtime.Runtime.runHookIfTagsMatch(Runtime.java:224)
      	at cucumber.runtime.Runtime.runHooks(Runtime.java:212)
      	at cucumber.runtime.Runtime.runAfterHooks(Runtime.java:206)
      	at cucumber.runtime.model.CucumberScenario.run(CucumberScenario.java:46)
      	at cucumber.runtime.model.CucumberScenarioOutline.run(CucumberScenarioOutline.java:46)
      	at cucumber.runtime.model.CucumberFeature.run(CucumberFeature.java:165)
      	at cucumber.api.testng.TestNGCucumberRunner.runCukes(TestNGCucumberRunner.java:50)
      	at cucumbertest.TestRunner_web.runCukes(TestRunner_web.java:25)
      	at sun.reflect.NativeMethodAccessorImpl.invoke0(Native Method)
      	at sun.reflect.NativeMethodAccessorImpl.invoke(NativeMethodAccessorImpl.java:62)
      	at sun.reflect.DelegatingMethodAccessorImpl.invoke(DelegatingMethodAccessorImpl.java:43)
      	at java.lang.reflect.Method.invoke(Method.java:498)
      	at org.testng.internal.MethodInvocationHelper.invokeMethod(MethodInvocationHelper.java:86)
      	at org.testng.internal.Invoker.invokeMethod(Invoker.java:643)
      	at org.testng.internal.Invoker.invokeTestMethod(Invoker.java:820)
      	at org.testng.internal.Invoker.invokeTestMethods(Invoker.java:1128)
      	at org.testng.internal.TestMethodWorker.invokeTestMethods(TestMethodWorker.java:129)
      	at org.testng.internal.TestMethodWorker.run(TestMethodWorker.java:112)
      	at org.testng.TestRunner.privateRun(TestRunner.java:782)
      	at org.testng.TestRunner.run(TestRunner.java:632)
      	at org.testng.SuiteRunner.runTest(SuiteRunner.java:366)
      	at org.testng.SuiteRunner.runSequentially(SuiteRunner.java:361)
      	at org.testng.SuiteRunner.privateRun(SuiteRunner.java:319)
      	at org.testng.SuiteRunner.run(SuiteRunner.java:268)
      	at org.testng.SuiteRunnerWorker.runSuite(SuiteRunnerWorker.java:52)
      	at org.testng.SuiteRunnerWorker.run(SuiteRunnerWorker.java:86)
      	at org.testng.TestNG.runSuitesSequentially(TestNG.java:1244)
      	at org.testng.TestNG.runSuitesLocally(TestNG.java:1169)
      	at org.testng.TestNG.run(TestNG.java:1064)
      	at org.apache.maven.surefire.testng.TestNGExecutor.run(TestNGExecutor.java:77)
      	at org.apache.maven.surefire.testng.TestNGDirectoryTestSuite.execute(TestNGDirectoryTestSuite.java:110)
      	at org.apache.maven.surefire.testng.TestNGProvider.invoke(TestNGProvider.java:106)
      	at sun.reflect.NativeMethodAccessorImpl.invoke0(Native Method)
      	at sun.reflect.NativeMethodAccessorImpl.invoke(NativeMethodAccessorImpl.java:62)
      	at sun.reflect.DelegatingMethodAccessorImpl.invoke(DelegatingMethodAccessorImpl.java:43)
      	at java.lang.reflect.Method.invoke(Method.java:498)
      	at org.apache.maven.surefire.util.ReflectionUtils.invokeMethodWithArray(ReflectionUtils.java:189)
      	at org.apache.maven.surefire.booter.ProviderFactory$ProviderProxy.invoke(ProviderFactory.java:165)
      	at org.apache.maven.surefire.booter.ProviderFactory.invokeProvider(ProviderFactory.java:85)
      	at org.apache.maven.surefire.booter.ForkedBooter.runSuitesInProcess(ForkedBooter.java:115)
      	at org.apache.maven.surefire.booter.ForkedBooter.main(ForkedBooter.java:75)
      Caused by: java.lang.RuntimeException: Process refused to die after 10 seconds, and couldn&apos;t taskkill it: Timeout waiting for process to die
      	at org.openqa.selenium.os.ProcessUtils.killWinProcess(ProcessUtils.java:133)
      	at org.openqa.selenium.os.ProcessUtils.killProcess(ProcessUtils.java:81)
      	at org.openqa.selenium.os.UnixProcess$SeleniumWatchDog.destroyHarder(UnixProcess.java:246)
      	at org.openqa.selenium.os.UnixProcess$SeleniumWatchDog.access$200(UnixProcess.java:200)
      	at org.openqa.selenium.os.UnixProcess.destroy(UnixProcess.java:126)
      	at org.openqa.selenium.os.CommandLine.destroy(CommandLine.java:153)
      	at org.openqa.selenium.remote.service.DriverService.stop(DriverService.java:221)
      	at org.openqa.selenium.remote.service.DriverCommandExecutor.execute(DriverCommandExecutor.java:94)
      	at org.openqa.selenium.remote.RemoteWebDriver.execute(RemoteWebDriver.java:637)
      	... 52 more
      Caused by: org.openqa.selenium.os.ProcessUtils$ProcessStillAliveException: Timeout waiting for process to die
      	at org.openqa.selenium.os.ProcessUtils.waitForProcessDeath(ProcessUtils.java:67)
      	at org.openqa.selenium.os.ProcessUtils.killWinProcess(ProcessUtils.java:129)
      	... 60 more
      Caused by: java.lang.InterruptedException
      	at java.lang.ProcessImpl.waitFor(ProcessImpl.java:523)
      	at org.openqa.selenium.os.ProcessUtils$ProcessWaiter.run(ProcessUtils.java:154)
      	at java.lang.Thread.run(Thread.java:750)
      &amp;#27;[0m
Unable to take screenshot
java.lang.NullPointerException

  @Main_feature @Sign_in_correct_credentials
  Scenario Outline: Login into SFWF Backoffice Portal with correct credentials &amp;#27;[90m# features/Sign_in_backoffice.feature:25&amp;#27;[0m
    &amp;#27;[32mGiven &amp;#27;[0m&amp;#27;[32mI am on SFWF Back Office Home Page &quot;&amp;#27;[0m&amp;#27;[32m&amp;#27;[1mChrome&amp;#27;[0m&amp;#27;[32m&quot;&amp;#27;[0m                          &amp;#27;[90m# Steps.iAmOnSFWFBackOfficeHomePage(String)&amp;#27;[0m
    &amp;#27;[32mWhen &amp;#27;[0m&amp;#27;[32mI Input Username &quot;&amp;#27;[0m&amp;#27;[32m&amp;#27;[1mSuraj_Admin1&amp;#27;[0m&amp;#27;[32m&quot; and Password &quot;&amp;#27;[0m&amp;#27;[32m&amp;#27;[1mAdmin@123&amp;#27;[0m&amp;#27;[32m&quot;&amp;#27;[0m              &amp;#27;[90m# Steps.iInputUsernameAndPassword(String,String)&amp;#27;[0m
    &amp;#27;[32mAnd &amp;#27;[0m&amp;#27;[32mI Click on Sign In button&amp;#27;[0m                                              &amp;#27;[90m# Steps.iClickOnSignInButton()&amp;#27;[0m
    &amp;#27;[32mAnd &amp;#27;[0m&amp;#27;[32mI Verify Successful Login&amp;#27;[0m                                              &amp;#27;[90m# Steps.IVerifySuccessfulLogin()&amp;#27;[0m
    &amp;#27;[32mAnd &amp;#27;[0m&amp;#27;[32mI Sign Out&amp;#27;[0m                                                             &amp;#27;[90m# Steps.iSignOut()&amp;#27;[0m
    &amp;#27;[32mAnd &amp;#27;[0m&amp;#27;[32mI Verify Successful Sign Out&amp;#27;[0m                                           &amp;#27;[90m# Steps.iVerifySuccessfulSignOut()&amp;#27;[0m
    &amp;#27;[32mThen &amp;#27;[0m&amp;#27;[32mI click on forget password&amp;#27;[0m                                            &amp;#27;[90m# Steps.iClickOnForgetPassword()&amp;#27;[0m
    &amp;#27;[32mAnd &amp;#27;[0m&amp;#27;[32mI Verify Forget Password Page&amp;#27;[0m                                          &amp;#27;[90m# Steps.iVerifyForgetPasswordPage()&amp;#27;[0m

&amp;#27;[31mFailed scenarios:&amp;#27;[0m
&amp;#27;[31mfeatures/Sign_in_backoffice.feature:25 &amp;#27;[0m# Scenario Outline: Login into SFWF Backoffice Portal with correct credentials

1 Scenarios (&amp;#27;[31m1 failed&amp;#27;[0m)
8 Steps (&amp;#27;[32m8 passed&amp;#27;[0m)
0m26.217s

org.openqa.selenium.remote.UnreachableBrowserException: Error communicating with the remote browser. It may have died.
Build info: version: &apos;3.4.0&apos;, revision: &apos;unknown&apos;, time: &apos;unknown&apos;
System info: host: &apos;SIL-LT5-ALIN&apos;, ip: &apos;130.1.19.186&apos;, os.name: &apos;Windows 10&apos;, os.arch: &apos;amd64&apos;, os.version: &apos;10.0&apos;, java.version: &apos;1.8.0_371&apos;
Driver info: driver.version: RemoteWebDriver
Capabilities [{networkConnectionEnabled=false, chrome={chromedriverVersion=127.0.6533.99 (f31af5097d90ef5ae5bd7b8700199bc6189ba34d-refs/branch-heads/6533@{#1910}), userDataDir=C:\Users\ALI~1.NAU\AppData\Local\Temp\scoped_dir11672_975179490}, timeouts={implicit=0.0, pageLoad=300000.0, script=30000.0}, pageLoadStrategy=normal, unhandledPromptBehavior=dismiss and notify, strictFileInteractability=false, platform=ANY, proxy=Proxy(), webauthn:extension:minPinLength=true, goog:chromeOptions={debuggerAddress=localhost:53622}, webauthn:extension:credBlob=true, webauthn:extension:prf=true, acceptInsecureCerts=false, browserVersion=127.0.6533.100, fedcm:accounts=true, browserName=chrome, javascriptEnabled=true, platformName=windows, setWindowRect=true, webauthn:extension:largeBlob=true, webauthn:virtualAuthenticators=true}]
Session ID: 2897502b577d3c56396215960fdda16f
	at org.openqa.selenium.remote.RemoteWebDriver.execute(RemoteWebDriver.java:658)
	at org.openqa.selenium.remote.RemoteWebDriver.execute(RemoteWebDriver.java:694)
	at org.openqa.selenium.remote.RemoteWebDriver.quit(RemoteWebDriver.java:533)
	at stepdefinition.Steps.setup(Steps.java:79)
	at sun.reflect.NativeMethodAccessorImpl.invoke0(Native Method)
	at sun.reflect.NativeMethodAccessorImpl.invoke(NativeMethodAccessorImpl.java:62)
	at sun.reflect.DelegatingMethodAccessorImpl.invoke(DelegatingMethodAccessorImpl.java:43)
	at java.lang.reflect.Method.invoke(Method.java:498)
	at cucumber.runtime.Utils$1.call(Utils.java:40)
	at cucumber.runtime.Timeout.timeout(Timeout.java:16)
	at cucumber.runtime.Utils.invoke(Utils.java:34)
	at cucumber.runtime.java.JavaHookDefinition.execute(JavaHookDefinition.java:60)
	at cucumber.runtime.Runtime.runHookIfTagsMatch(Runtime.java:224)
	at cucumber.runtime.Runtime.runHooks(Runtime.java:212)
	at cucumber.runtime.Runtime.runAfterHooks(Runtime.java:206)
	at cucumber.runtime.model.CucumberScenario.run(CucumberScenario.java:46)
	at cucumber.runtime.model.CucumberScenarioOutline.run(CucumberScenarioOutline.java:46)
	at cucumber.runtime.model.CucumberFeature.run(CucumberFeature.java:165)
	at cucumber.api.testng.TestNGCucumberRunner.runCukes(TestNGCucumberRunner.java:50)
	at cucumbertest.TestRunner_web.runCukes(TestRunner_web.java:25)
	at sun.reflect.NativeMethodAccessorImpl.invoke0(Native Method)
	at sun.reflect.NativeMethodAccessorImpl.invoke(NativeMethodAccessorImpl.java:62)
	at sun.reflect.DelegatingMethodAccessorImpl.invoke(DelegatingMethodAccessorImpl.java:43)
	at java.lang.reflect.Method.invoke(Method.java:498)
	at org.testng.internal.MethodInvocationHelper.invokeMethod(MethodInvocationHelper.java:86)
	at org.testng.internal.Invoker.invokeMethod(Invoker.java:643)
	at org.testng.internal.Invoker.invokeTestMethod(Invoker.java:820)
	at org.testng.internal.Invoker.invokeTestMethods(Invoker.java:1128)
	at org.testng.internal.TestMethodWorker.invokeTestMethods(TestMethodWorker.java:129)
	at org.testng.internal.TestMethodWorker.run(TestMethodWorker.java:112)
	at org.testng.TestRunner.privateRun(TestRunner.java:782)
	at org.testng.TestRunner.run(TestRunner.java:632)
	at org.testng.SuiteRunner.runTest(SuiteRunner.java:366)
	at org.testng.SuiteRunner.runSequentially(SuiteRunner.java:361)
	at org.testng.SuiteRunner.privateRun(SuiteRunner.java:319)
	at org.testng.SuiteRunner.run(SuiteRunner.java:268)
	at org.testng.SuiteRunnerWorker.runSuite(SuiteRunnerWorker.java:52)
	at org.testng.SuiteRunnerWorker.run(SuiteRunnerWorker.java:86)
	at org.testng.TestNG.runSuitesSequentially(TestNG.java:1244)
	at org.testng.TestNG.runSuitesLocally(TestNG.java:1169)
	at org.testng.TestNG.run(TestNG.java:1064)
	at org.apache.maven.surefire.testng.TestNGExecutor.run(TestNGExecutor.java:77)
	at org.apache.maven.surefire.testng.TestNGDirectoryTestSuite.execute(TestNGDirectoryTestSuite.java:110)
	at org.apache.maven.surefire.testng.TestNGProvider.invoke(TestNGProvider.java:106)
	at sun.reflect.NativeMethodAccessorImpl.invoke0(Native Method)
	at sun.reflect.NativeMethodAccessorImpl.invoke(NativeMethodAccessorImpl.java:62)
	at sun.reflect.DelegatingMethodAccessorImpl.invoke(DelegatingMethodAccessorImpl.java:43)
	at java.lang.reflect.Method.invoke(Method.java:498)
	at org.apache.maven.surefire.util.ReflectionUtils.invokeMethodWithArray(ReflectionUtils.java:189)
	at org.apache.maven.surefire.booter.ProviderFactory$ProviderProxy.invoke(ProviderFactory.java:165)
	at org.apache.maven.surefire.booter.ProviderFactory.invokeProvider(ProviderFactory.java:85)
	at org.apache.maven.surefire.booter.ForkedBooter.runSuitesInProcess(ForkedBooter.java:115)
	at org.apache.maven.surefire.booter.ForkedBooter.main(ForkedBooter.java:75)
Caused by: java.lang.RuntimeException: Process refused to die after 10 seconds, and couldn&apos;t taskkill it: Timeout waiting for process to die
	at org.openqa.selenium.os.ProcessUtils.killWinProcess(ProcessUtils.java:133)
	at org.openqa.selenium.os.ProcessUtils.killProcess(ProcessUtils.java:81)
	at org.openqa.selenium.os.UnixProcess$SeleniumWatchDog.destroyHarder(UnixProcess.java:246)
	at org.openqa.selenium.os.UnixProcess$SeleniumWatchDog.access$200(UnixProcess.java:200)
	at org.openqa.selenium.os.UnixProcess.destroy(UnixProcess.java:126)
	at org.openqa.selenium.os.CommandLine.destroy(CommandLine.java:153)
	at org.openqa.selenium.remote.service.DriverService.stop(DriverService.java:221)
	at org.openqa.selenium.remote.service.DriverCommandExecutor.execute(DriverCommandExecutor.java:94)
	at org.openqa.selenium.remote.RemoteWebDriver.execute(RemoteWebDriver.java:637)
	... 52 more
Caused by: org.openqa.selenium.os.ProcessUtils$ProcessStillAliveException: Timeout waiting for process to die
	at org.openqa.selenium.os.ProcessUtils.waitForProcessDeath(ProcessUtils.java:67)
	at org.openqa.selenium.os.ProcessUtils.killWinProcess(ProcessUtils.java:129)
	... 60 more
Caused by: java.lang.InterruptedException
	at java.lang.ProcessImpl.waitFor(ProcessImpl.java:523)
	at org.openqa.selenium.os.ProcessUtils$ProcessWaiter.run(ProcessUtils.java:154)
	at java.lang.Thread.run(Thread.java:750)

</system-out>
    <system-err>SLF4J: No SLF4J providers were found.
SLF4J: Defaulting to no-operation (NOP) logger implementation
SLF4J: See https://www.slf4j.org/codes.html#noProviders for further details.
Starting ChromeDriver 127.0.6533.99 (f31af5097d90ef5ae5bd7b8700199bc6189ba34d-refs/branch-heads/6533@{#1910}) on port 13856
Only local connections are allowed.
Please see https://chromedriver.chromium.org/security-considerations for suggestions on keeping ChromeDriver safe.
ChromeDriver was started successfully.
Aug 12, 2024 10:44:42 AM org.openqa.selenium.remote.ProtocolHandshake createSession
INFO: Detected dialect: W3C
Aug 12, 2024 10:45:05 AM org.openqa.selenium.os.ProcessUtils killWinProcess
WARNING: Process refused to die after 10 seconds, and couldn&apos;t taskkill it
org.openqa.selenium.os.ProcessUtils$ProcessStillAliveException: Timeout waiting for process to die
	at org.openqa.selenium.os.ProcessUtils.waitForProcessDeath(ProcessUtils.java:67)
	at org.openqa.selenium.os.ProcessUtils.killWinProcess(ProcessUtils.java:129)
	at org.openqa.selenium.os.ProcessUtils.killProcess(ProcessUtils.java:81)
	at org.openqa.selenium.os.UnixProcess$SeleniumWatchDog.destroyHarder(UnixProcess.java:246)
	at org.openqa.selenium.os.UnixProcess$SeleniumWatchDog.access$200(UnixProcess.java:200)
	at org.openqa.selenium.os.UnixProcess.destroy(UnixProcess.java:126)
	at org.openqa.selenium.os.CommandLine.destroy(CommandLine.java:153)
	at org.openqa.selenium.remote.service.DriverService.stop(DriverService.java:221)
	at org.openqa.selenium.remote.service.DriverCommandExecutor.execute(DriverCommandExecutor.java:94)
	at org.openqa.selenium.remote.RemoteWebDriver.execute(RemoteWebDriver.java:637)
	at org.openqa.selenium.remote.RemoteWebDriver.execute(RemoteWebDriver.java:694)
	at org.openqa.selenium.remote.RemoteWebDriver.quit(RemoteWebDriver.java:533)
	at stepdefinition.Steps.setup(Steps.java:79)
	at sun.reflect.NativeMethodAccessorImpl.invoke0(Native Method)
	at sun.reflect.NativeMethodAccessorImpl.invoke(NativeMethodAccessorImpl.java:62)
	at sun.reflect.DelegatingMethodAccessorImpl.invoke(DelegatingMethodAccessorImpl.java:43)
	at java.lang.reflect.Method.invoke(Method.java:498)
	at cucumber.runtime.Utils$1.call(Utils.java:40)
	at cucumber.runtime.Timeout.timeout(Timeout.java:16)
	at cucumber.runtime.Utils.invoke(Utils.java:34)
	at cucumber.runtime.java.JavaHookDefinition.execute(JavaHookDefinition.java:60)
	at cucumber.runtime.Runtime.runHookIfTagsMatch(Runtime.java:224)
	at cucumber.runtime.Runtime.runHooks(Runtime.java:212)
	at cucumber.runtime.Runtime.runAfterHooks(Runtime.java:206)
	at cucumber.runtime.model.CucumberScenario.run(CucumberScenario.java:46)
	at cucumber.runtime.model.CucumberScenarioOutline.run(CucumberScenarioOutline.java:46)
	at cucumber.runtime.model.CucumberFeature.run(CucumberFeature.java:165)
	at cucumber.api.testng.TestNGCucumberRunner.runCukes(TestNGCucumberRunner.java:50)
	at cucumbertest.TestRunner_web.runCukes(TestRunner_web.java:25)
	at sun.reflect.NativeMethodAccessorImpl.invoke0(Native Method)
	at sun.reflect.NativeMethodAccessorImpl.invoke(NativeMethodAccessorImpl.java:62)
	at sun.reflect.DelegatingMethodAccessorImpl.invoke(DelegatingMethodAccessorImpl.java:43)
	at java.lang.reflect.Method.invoke(Method.java:498)
	at org.testng.internal.MethodInvocationHelper.invokeMethod(MethodInvocationHelper.java:86)
	at org.testng.internal.Invoker.invokeMethod(Invoker.java:643)
	at org.testng.internal.Invoker.invokeTestMethod(Invoker.java:820)
	at org.testng.internal.Invoker.invokeTestMethods(Invoker.java:1128)
	at org.testng.internal.TestMethodWorker.invokeTestMethods(TestMethodWorker.java:129)
	at org.testng.internal.TestMethodWorker.run(TestMethodWorker.java:112)
	at org.testng.TestRunner.privateRun(TestRunner.java:782)
	at org.testng.TestRunner.run(TestRunner.java:632)
	at org.testng.SuiteRunner.runTest(SuiteRunner.java:366)
	at org.testng.SuiteRunner.runSequentially(SuiteRunner.java:361)
	at org.testng.SuiteRunner.privateRun(SuiteRunner.java:319)
	at org.testng.SuiteRunner.run(SuiteRunner.java:268)
	at org.testng.SuiteRunnerWorker.runSuite(SuiteRunnerWorker.java:52)
	at org.testng.SuiteRunnerWorker.run(SuiteRunnerWorker.java:86)
	at org.testng.TestNG.runSuitesSequentially(TestNG.java:1244)
	at org.testng.TestNG.runSuitesLocally(TestNG.java:1169)
	at org.testng.TestNG.run(TestNG.java:1064)
	at org.apache.maven.surefire.testng.TestNGExecutor.run(TestNGExecutor.java:77)
	at org.apache.maven.surefire.testng.TestNGDirectoryTestSuite.execute(TestNGDirectoryTestSuite.java:110)
	at org.apache.maven.surefire.testng.TestNGProvider.invoke(TestNGProvider.java:106)
	at sun.reflect.NativeMethodAccessorImpl.invoke0(Native Method)
	at sun.reflect.NativeMethodAccessorImpl.invoke(NativeMethodAccessorImpl.java:62)
	at sun.reflect.DelegatingMethodAccessorImpl.invoke(DelegatingMethodAccessorImpl.java:43)
	at java.lang.reflect.Method.invoke(Method.java:498)
	at org.apache.maven.surefire.util.ReflectionUtils.invokeMethodWithArray(ReflectionUtils.java:189)
	at org.apache.maven.surefire.booter.ProviderFactory$ProviderProxy.invoke(ProviderFactory.java:165)
	at org.apache.maven.surefire.booter.ProviderFactory.invokeProvider(ProviderFactory.java:85)
	at org.apache.maven.surefire.booter.ForkedBooter.runSuitesInProcess(ForkedBooter.java:115)
	at org.apache.maven.surefire.booter.ForkedBooter.main(ForkedBooter.java:75)
Caused by: java.lang.InterruptedException
	at java.lang.ProcessImpl.waitFor(ProcessImpl.java:523)
	at org.openqa.selenium.os.ProcessUtils$ProcessWaiter.run(ProcessUtils.java:154)
	at java.lang.Thread.run(Thread.java:750)

log4j:WARN No appenders could be found for logger (freemarker.cache).
log4j:WARN Please initialize the log4j system properly.
</system-err>
  </testcase>
</testsuite>