<?xml version="1.0" encoding="UTF-8"?>
<testng-results skipped="0" failed="0" total="1" passed="1">
  <reporter-output>
  </reporter-output>
  <suite name="cucumbertest.TestRunner_web" duration-ms="114058" started-at="2024-08-01T12:05:03Z" finished-at="2024-08-01T12:06:57Z">
    <groups>
      <group name="Web">
        <method signature="TestRunner_web.runCukes()[pri:0, instance:cucumbertest.TestRunner_web@39c0f4a]" name="runCukes" class="cucumbertest.TestRunner_web"/>
      </group> <!-- Web -->
    </groups>
    <test name="Command line test" duration-ms="114058" started-at="2024-08-01T12:05:03Z" finished-at="2024-08-01T12:06:57Z">
      <class name="cucumbertest.TestRunner_web">
        <test-method status="PASS" signature="runCukes()[pri:0, instance:cucumbertest.TestRunner_web@39c0f4a]" name="runCukes" duration-ms="114054" started-at="2024-08-01T16:05:03Z" description="Example of using TestNGCucumberRunner to invoke Cucumber" finished-at="2024-08-01T16:06:57Z">
          <reporter-output>
          </reporter-output>
        </test-method> <!-- runCukes -->
      </class> <!-- cucumbertest.TestRunner_web -->
    </test> <!-- Command line test -->
  </suite> <!-- cucumbertest.TestRunner_web -->
</testng-results>
